Performing C++ SOURCE FILE Test THREAD_SANITIZER_AVAILABLE failed with the following compile output:
Change Dir: /home/ideapad/Desktop/AED/build/CMakeFiles/CMakeTmp

Run Build Command(s):/usr/bin/gmake -f Makefile cmTC_83321/fast && /usr/bin/gmake  -f CMakeFiles/cmTC_83321.dir/build.make CMakeFiles/cmTC_83321.dir/build
gmake[1]: Entering directory '/home/ideapad/Desktop/AED/build/CMakeFiles/CMakeTmp'
Building CXX object CMakeFiles/cmTC_83321.dir/src.cxx.o
/usr/bin/c++ -DTHREAD_SANITIZER_AVAILABLE  -fsanitize=thread -std=gnu++17 -o CMakeFiles/cmTC_83321.dir/src.cxx.o -c /home/ideapad/Desktop/AED/build/CMakeFiles/CMakeTmp/src.cxx
Linking CXX executable cmTC_83321
/usr/bin/cmake -E cmake_link_script CMakeFiles/cmTC_83321.dir/link.txt --verbose=1
/usr/bin/c++  -fsanitize=thread CMakeFiles/cmTC_83321.dir/src.cxx.o -o cmTC_83321 
gmake[1]: Leaving directory '/home/ideapad/Desktop/AED/build/CMakeFiles/CMakeTmp'


...and run output:
FATAL: ThreadSanitizer: unexpected memory mapping 0x5d3f12fe0000-0x5d3f12fe1000

Return value: 66
Source file was:
int main() { return 0; }
Determining if the include file sys/sdt.h exists failed with the following output:
Change Dir: /home/ideapad/Desktop/AED/build/CMakeFiles/CMakeTmp

Run Build Command(s):/usr/bin/gmake -f Makefile cmTC_d6237/fast && /usr/bin/gmake  -f CMakeFiles/cmTC_d6237.dir/build.make CMakeFiles/cmTC_d6237.dir/build
gmake[1]: Entering directory '/home/ideapad/Desktop/AED/build/CMakeFiles/CMakeTmp'
Building C object CMakeFiles/cmTC_d6237.dir/CheckIncludeFile.c.o
/usr/bin/cc   -std=c11 -o CMakeFiles/cmTC_d6237.dir/CheckIncludeFile.c.o -c /home/ideapad/Desktop/AED/build/CMakeFiles/CMakeTmp/CheckIncludeFile.c
/home/ideapad/Desktop/AED/build/CMakeFiles/CMakeTmp/CheckIncludeFile.c:1:10: fatal error: sys/sdt.h: No such file or directory
    1 | #include <sys/sdt.h>
      |          ^~~~~~~~~~~
compilation terminated.
gmake[1]: *** [CMakeFiles/cmTC_d6237.dir/build.make:78: CMakeFiles/cmTC_d6237.dir/CheckIncludeFile.c.o] Error 1
gmake[1]: Leaving directory '/home/ideapad/Desktop/AED/build/CMakeFiles/CMakeTmp'
gmake: *** [Makefile:127: cmTC_d6237/fast] Error 2



Determining if the function connect exists in the socket failed with the following output:
Change Dir: /home/ideapad/Desktop/AED/build/CMakeFiles/CMakeTmp

Run Build Command(s):/usr/bin/gmake -f Makefile cmTC_897ab/fast && /usr/bin/gmake  -f CMakeFiles/cmTC_897ab.dir/build.make CMakeFiles/cmTC_897ab.dir/build
gmake[1]: Entering directory '/home/ideapad/Desktop/AED/build/CMakeFiles/CMakeTmp'
Building C object CMakeFiles/cmTC_897ab.dir/CheckFunctionExists.c.o
/usr/bin/cc   -W -Wall -pedantic -Wbad-function-cast -Wconversion -Winline -Wmissing-declarations -Wmissing-prototypes -Wnested-externs -Wno-long-long -Wno-multichar -Wpointer-arith -Wshadow -Wsign-compare -Wundef -Wunused -Wwrite-strings -Waddress -Wattributes -Wcast-align -Wdeclaration-after-statement -Wdiv-by-zero -Wempty-body -Wendif-labels -Wfloat-equal -Wformat-security -Wignored-qualifiers -Wmissing-field-initializers -Wmissing-noreturn -Wno-format-nonliteral -Wno-system-headers -Wold-style-definition -Wredundant-decls -Wsign-conversion -Wno-error=sign-conversion -Wstrict-prototypes -Wtype-limits -Wunreachable-code -Wunused-parameter -Wvla -Wclobbered -Wmissing-parameter-type -Wold-style-declaration -Wstrict-aliasing=3 -Wtrampolines -Wformat=2 -Warray-bounds=2 -ftree-vrp -Wduplicated-cond -Wnull-dereference -fdelete-null-pointer-checks -Wshift-negative-value -Wshift-overflow=2 -Walloc-zero -Wduplicated-branches -Wformat-overflow=2 -Wformat-truncation=2 -Wimplicit-fallthrough -Wrestrict -Warith-conversion -Wdouble-promotion -Wenum-conversion -Wpragmas -Wunused-const-variable -DCHECK_FUNCTION_EXISTS=connect -o CMakeFiles/cmTC_897ab.dir/CheckFunctionExists.c.o -c /usr/share/cmake-3.22/Modules/CheckFunctionExists.c
Linking C executable cmTC_897ab
/usr/bin/cmake -E cmake_link_script CMakeFiles/cmTC_897ab.dir/link.txt --verbose=1
/usr/bin/cc   -W -Wall -pedantic -Wbad-function-cast -Wconversion -Winline -Wmissing-declarations -Wmissing-prototypes -Wnested-externs -Wno-long-long -Wno-multichar -Wpointer-arith -Wshadow -Wsign-compare -Wundef -Wunused -Wwrite-strings -Waddress -Wattributes -Wcast-align -Wdeclaration-after-statement -Wdiv-by-zero -Wempty-body -Wendif-labels -Wfloat-equal -Wformat-security -Wignored-qualifiers -Wmissing-field-initializers -Wmissing-noreturn -Wno-format-nonliteral -Wno-system-headers -Wold-style-definition -Wredundant-decls -Wsign-conversion -Wno-error=sign-conversion -Wstrict-prototypes -Wtype-limits -Wunreachable-code -Wunused-parameter -Wvla -Wclobbered -Wmissing-parameter-type -Wold-style-declaration -Wstrict-aliasing=3 -Wtrampolines -Wformat=2 -Warray-bounds=2 -ftree-vrp -Wduplicated-cond -Wnull-dereference -fdelete-null-pointer-checks -Wshift-negative-value -Wshift-overflow=2 -Walloc-zero -Wduplicated-branches -Wformat-overflow=2 -Wformat-truncation=2 -Wimplicit-fallthrough -Wrestrict -Warith-conversion -Wdouble-promotion -Wenum-conversion -Wpragmas -Wunused-const-variable -DCHECK_FUNCTION_EXISTS=connect CMakeFiles/cmTC_897ab.dir/CheckFunctionExists.c.o -o cmTC_897ab  -lsocket 
/usr/bin/ld: cannot find -lsocket: No such file or directory
collect2: error: ld returned 1 exit status
gmake[1]: *** [CMakeFiles/cmTC_897ab.dir/build.make:99: cmTC_897ab] Error 1
gmake[1]: Leaving directory '/home/ideapad/Desktop/AED/build/CMakeFiles/CMakeTmp'
gmake: *** [Makefile:127: cmTC_897ab/fast] Error 2



Determining if the function idn2_lookup_ul exists in the idn2 failed with the following output:
Change Dir: /home/ideapad/Desktop/AED/build/CMakeFiles/CMakeTmp

Run Build Command(s):/usr/bin/gmake -f Makefile cmTC_b46d4/fast && /usr/bin/gmake  -f CMakeFiles/cmTC_b46d4.dir/build.make CMakeFiles/cmTC_b46d4.dir/build
gmake[1]: Entering directory '/home/ideapad/Desktop/AED/build/CMakeFiles/CMakeTmp'
Building C object CMakeFiles/cmTC_b46d4.dir/CheckFunctionExists.c.o
/usr/bin/cc   -W -Wall -pedantic -Wbad-function-cast -Wconversion -Winline -Wmissing-declarations -Wmissing-prototypes -Wnested-externs -Wno-long-long -Wno-multichar -Wpointer-arith -Wshadow -Wsign-compare -Wundef -Wunused -Wwrite-strings -Waddress -Wattributes -Wcast-align -Wdeclaration-after-statement -Wdiv-by-zero -Wempty-body -Wendif-labels -Wfloat-equal -Wformat-security -Wignored-qualifiers -Wmissing-field-initializers -Wmissing-noreturn -Wno-format-nonliteral -Wno-system-headers -Wold-style-definition -Wredundant-decls -Wsign-conversion -Wno-error=sign-conversion -Wstrict-prototypes -Wtype-limits -Wunreachable-code -Wunused-parameter -Wvla -Wclobbered -Wmissing-parameter-type -Wold-style-declaration -Wstrict-aliasing=3 -Wtrampolines -Wformat=2 -Warray-bounds=2 -ftree-vrp -Wduplicated-cond -Wnull-dereference -fdelete-null-pointer-checks -Wshift-negative-value -Wshift-overflow=2 -Walloc-zero -Wduplicated-branches -Wformat-overflow=2 -Wformat-truncation=2 -Wimplicit-fallthrough -Wrestrict -Warith-conversion -Wdouble-promotion -Wenum-conversion -Wpragmas -Wunused-const-variable -DCHECK_FUNCTION_EXISTS=idn2_lookup_ul -o CMakeFiles/cmTC_b46d4.dir/CheckFunctionExists.c.o -c /usr/share/cmake-3.22/Modules/CheckFunctionExists.c
Linking C executable cmTC_b46d4
/usr/bin/cmake -E cmake_link_script CMakeFiles/cmTC_b46d4.dir/link.txt --verbose=1
/usr/bin/cc   -W -Wall -pedantic -Wbad-function-cast -Wconversion -Winline -Wmissing-declarations -Wmissing-prototypes -Wnested-externs -Wno-long-long -Wno-multichar -Wpointer-arith -Wshadow -Wsign-compare -Wundef -Wunused -Wwrite-strings -Waddress -Wattributes -Wcast-align -Wdeclaration-after-statement -Wdiv-by-zero -Wempty-body -Wendif-labels -Wfloat-equal -Wformat-security -Wignored-qualifiers -Wmissing-field-initializers -Wmissing-noreturn -Wno-format-nonliteral -Wno-system-headers -Wold-style-definition -Wredundant-decls -Wsign-conversion -Wno-error=sign-conversion -Wstrict-prototypes -Wtype-limits -Wunreachable-code -Wunused-parameter -Wvla -Wclobbered -Wmissing-parameter-type -Wold-style-declaration -Wstrict-aliasing=3 -Wtrampolines -Wformat=2 -Warray-bounds=2 -ftree-vrp -Wduplicated-cond -Wnull-dereference -fdelete-null-pointer-checks -Wshift-negative-value -Wshift-overflow=2 -Walloc-zero -Wduplicated-branches -Wformat-overflow=2 -Wformat-truncation=2 -Wimplicit-fallthrough -Wrestrict -Warith-conversion -Wdouble-promotion -Wenum-conversion -Wpragmas -Wunused-const-variable -DCHECK_FUNCTION_EXISTS=idn2_lookup_ul CMakeFiles/cmTC_b46d4.dir/CheckFunctionExists.c.o -o cmTC_b46d4  -lidn2 
/usr/bin/ld: cannot find -lidn2: No such file or directory
collect2: error: ld returned 1 exit status
gmake[1]: *** [CMakeFiles/cmTC_b46d4.dir/build.make:99: cmTC_b46d4] Error 1
gmake[1]: Leaving directory '/home/ideapad/Desktop/AED/build/CMakeFiles/CMakeTmp'
gmake: *** [Makefile:127: cmTC_b46d4/fast] Error 2



Determining if files ;sys/filio.h exist failed with the following output:
Change Dir: /home/ideapad/Desktop/AED/build/CMakeFiles/CMakeTmp

Run Build Command(s):/usr/bin/gmake -f Makefile cmTC_369b9/fast && /usr/bin/gmake  -f CMakeFiles/cmTC_369b9.dir/build.make CMakeFiles/cmTC_369b9.dir/build
gmake[1]: Entering directory '/home/ideapad/Desktop/AED/build/CMakeFiles/CMakeTmp'
Building C object CMakeFiles/cmTC_369b9.dir/HAVE_SYS_FILIO_H.c.o
/usr/bin/cc   -W -Wall -pedantic -Wbad-function-cast -Wconversion -Winline -Wmissing-declarations -Wmissing-prototypes -Wnested-externs -Wno-long-long -Wno-multichar -Wpointer-arith -Wshadow -Wsign-compare -Wundef -Wunused -Wwrite-strings -Waddress -Wattributes -Wcast-align -Wdeclaration-after-statement -Wdiv-by-zero -Wempty-body -Wendif-labels -Wfloat-equal -Wformat-security -Wignored-qualifiers -Wmissing-field-initializers -Wmissing-noreturn -Wno-format-nonliteral -Wno-system-headers -Wold-style-definition -Wredundant-decls -Wsign-conversion -Wno-error=sign-conversion -Wstrict-prototypes -Wtype-limits -Wunreachable-code -Wunused-parameter -Wvla -Wclobbered -Wmissing-parameter-type -Wold-style-declaration -Wstrict-aliasing=3 -Wtrampolines -Wformat=2 -Warray-bounds=2 -ftree-vrp -Wduplicated-cond -Wnull-dereference -fdelete-null-pointer-checks -Wshift-negative-value -Wshift-overflow=2 -Walloc-zero -Wduplicated-branches -Wformat-overflow=2 -Wformat-truncation=2 -Wimplicit-fallthrough -Wrestrict -Warith-conversion -Wdouble-promotion -Wenum-conversion -Wpragmas -Wunused-const-variable  -o CMakeFiles/cmTC_369b9.dir/HAVE_SYS_FILIO_H.c.o -c /home/ideapad/Desktop/AED/build/CMakeFiles/CheckIncludeFiles/HAVE_SYS_FILIO_H.c
/home/ideapad/Desktop/AED/build/CMakeFiles/CheckIncludeFiles/HAVE_SYS_FILIO_H.c:2:10: fatal error: sys/filio.h: No such file or directory
    2 | #include <sys/filio.h>
      |          ^~~~~~~~~~~~~
compilation terminated.
gmake[1]: *** [CMakeFiles/cmTC_369b9.dir/build.make:78: CMakeFiles/cmTC_369b9.dir/HAVE_SYS_FILIO_H.c.o] Error 1
gmake[1]: Leaving directory '/home/ideapad/Desktop/AED/build/CMakeFiles/CMakeTmp'
gmake: *** [Makefile:127: cmTC_369b9/fast] Error 2


Source:
/* */
#include <sys/filio.h>


int main(void){return 0;}

Determining if files sys/wait.h;sys/ioctl.h;sys/param.h;sys/poll.h;sys/resource.h;sys/select.h;sys/socket.h;sys/sockio.h exist failed with the following output:
Change Dir: /home/ideapad/Desktop/AED/build/CMakeFiles/CMakeTmp

Run Build Command(s):/usr/bin/gmake -f Makefile cmTC_d684c/fast && /usr/bin/gmake  -f CMakeFiles/cmTC_d684c.dir/build.make CMakeFiles/cmTC_d684c.dir/build
gmake[1]: Entering directory '/home/ideapad/Desktop/AED/build/CMakeFiles/CMakeTmp'
Building C object CMakeFiles/cmTC_d684c.dir/HAVE_SYS_SOCKIO_H.c.o
/usr/bin/cc   -W -Wall -pedantic -Wbad-function-cast -Wconversion -Winline -Wmissing-declarations -Wmissing-prototypes -Wnested-externs -Wno-long-long -Wno-multichar -Wpointer-arith -Wshadow -Wsign-compare -Wundef -Wunused -Wwrite-strings -Waddress -Wattributes -Wcast-align -Wdeclaration-after-statement -Wdiv-by-zero -Wempty-body -Wendif-labels -Wfloat-equal -Wformat-security -Wignored-qualifiers -Wmissing-field-initializers -Wmissing-noreturn -Wno-format-nonliteral -Wno-system-headers -Wold-style-definition -Wredundant-decls -Wsign-conversion -Wno-error=sign-conversion -Wstrict-prototypes -Wtype-limits -Wunreachable-code -Wunused-parameter -Wvla -Wclobbered -Wmissing-parameter-type -Wold-style-declaration -Wstrict-aliasing=3 -Wtrampolines -Wformat=2 -Warray-bounds=2 -ftree-vrp -Wduplicated-cond -Wnull-dereference -fdelete-null-pointer-checks -Wshift-negative-value -Wshift-overflow=2 -Walloc-zero -Wduplicated-branches -Wformat-overflow=2 -Wformat-truncation=2 -Wimplicit-fallthrough -Wrestrict -Warith-conversion -Wdouble-promotion -Wenum-conversion -Wpragmas -Wunused-const-variable  -o CMakeFiles/cmTC_d684c.dir/HAVE_SYS_SOCKIO_H.c.o -c /home/ideapad/Desktop/AED/build/CMakeFiles/CheckIncludeFiles/HAVE_SYS_SOCKIO_H.c
/home/ideapad/Desktop/AED/build/CMakeFiles/CheckIncludeFiles/HAVE_SYS_SOCKIO_H.c:9:10: fatal error: sys/sockio.h: No such file or directory
    9 | #include <sys/sockio.h>
      |          ^~~~~~~~~~~~~~
compilation terminated.
gmake[1]: *** [CMakeFiles/cmTC_d684c.dir/build.make:78: CMakeFiles/cmTC_d684c.dir/HAVE_SYS_SOCKIO_H.c.o] Error 1
gmake[1]: Leaving directory '/home/ideapad/Desktop/AED/build/CMakeFiles/CMakeTmp'
gmake: *** [Makefile:127: cmTC_d684c/fast] Error 2


Source:
/* */
#include <sys/wait.h>
#include <sys/ioctl.h>
#include <sys/param.h>
#include <sys/poll.h>
#include <sys/resource.h>
#include <sys/select.h>
#include <sys/socket.h>
#include <sys/sockio.h>


int main(void){return 0;}

Determining if files sys/wait.h;sys/ioctl.h;sys/param.h;sys/poll.h;sys/resource.h;sys/select.h;sys/socket.h;sys/stat.h;sys/time.h;sys/types.h;sys/un.h;sys/utime.h exist failed with the following output:
Change Dir: /home/ideapad/Desktop/AED/build/CMakeFiles/CMakeTmp

Run Build Command(s):/usr/bin/gmake -f Makefile cmTC_3bde4/fast && /usr/bin/gmake  -f CMakeFiles/cmTC_3bde4.dir/build.make CMakeFiles/cmTC_3bde4.dir/build
gmake[1]: Entering directory '/home/ideapad/Desktop/AED/build/CMakeFiles/CMakeTmp'
Building C object CMakeFiles/cmTC_3bde4.dir/HAVE_SYS_UTIME_H.c.o
/usr/bin/cc   -W -Wall -pedantic -Wbad-function-cast -Wconversion -Winline -Wmissing-declarations -Wmissing-prototypes -Wnested-externs -Wno-long-long -Wno-multichar -Wpointer-arith -Wshadow -Wsign-compare -Wundef -Wunused -Wwrite-strings -Waddress -Wattributes -Wcast-align -Wdeclaration-after-statement -Wdiv-by-zero -Wempty-body -Wendif-labels -Wfloat-equal -Wformat-security -Wignored-qualifiers -Wmissing-field-initializers -Wmissing-noreturn -Wno-format-nonliteral -Wno-system-headers -Wold-style-definition -Wredundant-decls -Wsign-conversion -Wno-error=sign-conversion -Wstrict-prototypes -Wtype-limits -Wunreachable-code -Wunused-parameter -Wvla -Wclobbered -Wmissing-parameter-type -Wold-style-declaration -Wstrict-aliasing=3 -Wtrampolines -Wformat=2 -Warray-bounds=2 -ftree-vrp -Wduplicated-cond -Wnull-dereference -fdelete-null-pointer-checks -Wshift-negative-value -Wshift-overflow=2 -Walloc-zero -Wduplicated-branches -Wformat-overflow=2 -Wformat-truncation=2 -Wimplicit-fallthrough -Wrestrict -Warith-conversion -Wdouble-promotion -Wenum-conversion -Wpragmas -Wunused-const-variable  -o CMakeFiles/cmTC_3bde4.dir/HAVE_SYS_UTIME_H.c.o -c /home/ideapad/Desktop/AED/build/CMakeFiles/CheckIncludeFiles/HAVE_SYS_UTIME_H.c
/home/ideapad/Desktop/AED/build/CMakeFiles/CheckIncludeFiles/HAVE_SYS_UTIME_H.c:13:10: fatal error: sys/utime.h: No such file or directory
   13 | #include <sys/utime.h>
      |          ^~~~~~~~~~~~~
compilation terminated.
gmake[1]: *** [CMakeFiles/cmTC_3bde4.dir/build.make:78: CMakeFiles/cmTC_3bde4.dir/HAVE_SYS_UTIME_H.c.o] Error 1
gmake[1]: Leaving directory '/home/ideapad/Desktop/AED/build/CMakeFiles/CMakeTmp'
gmake: *** [Makefile:127: cmTC_3bde4/fast] Error 2


Source:
/* */
#include <sys/wait.h>
#include <sys/ioctl.h>
#include <sys/param.h>
#include <sys/poll.h>
#include <sys/resource.h>
#include <sys/select.h>
#include <sys/socket.h>
#include <sys/stat.h>
#include <sys/time.h>
#include <sys/types.h>
#include <sys/un.h>
#include <sys/utime.h>


int main(void){return 0;}

Determining if files sys/wait.h;sys/ioctl.h;sys/param.h;sys/poll.h;sys/resource.h;sys/select.h;sys/socket.h;sys/stat.h;sys/time.h;sys/types.h;sys/un.h;sys/xattr.h;arpa/inet.h;fcntl.h;ifaddrs.h;io.h exist failed with the following output:
Change Dir: /home/ideapad/Desktop/AED/build/CMakeFiles/CMakeTmp

Run Build Command(s):/usr/bin/gmake -f Makefile cmTC_05adb/fast && /usr/bin/gmake  -f CMakeFiles/cmTC_05adb.dir/build.make CMakeFiles/cmTC_05adb.dir/build
gmake[1]: Entering directory '/home/ideapad/Desktop/AED/build/CMakeFiles/CMakeTmp'
Building C object CMakeFiles/cmTC_05adb.dir/HAVE_IO_H.c.o
/usr/bin/cc   -W -Wall -pedantic -Wbad-function-cast -Wconversion -Winline -Wmissing-declarations -Wmissing-prototypes -Wnested-externs -Wno-long-long -Wno-multichar -Wpointer-arith -Wshadow -Wsign-compare -Wundef -Wunused -Wwrite-strings -Waddress -Wattributes -Wcast-align -Wdeclaration-after-statement -Wdiv-by-zero -Wempty-body -Wendif-labels -Wfloat-equal -Wformat-security -Wignored-qualifiers -Wmissing-field-initializers -Wmissing-noreturn -Wno-format-nonliteral -Wno-system-headers -Wold-style-definition -Wredundant-decls -Wsign-conversion -Wno-error=sign-conversion -Wstrict-prototypes -Wtype-limits -Wunreachable-code -Wunused-parameter -Wvla -Wclobbered -Wmissing-parameter-type -Wold-style-declaration -Wstrict-aliasing=3 -Wtrampolines -Wformat=2 -Warray-bounds=2 -ftree-vrp -Wduplicated-cond -Wnull-dereference -fdelete-null-pointer-checks -Wshift-negative-value -Wshift-overflow=2 -Walloc-zero -Wduplicated-branches -Wformat-overflow=2 -Wformat-truncation=2 -Wimplicit-fallthrough -Wrestrict -Warith-conversion -Wdouble-promotion -Wenum-conversion -Wpragmas -Wunused-const-variable  -o CMakeFiles/cmTC_05adb.dir/HAVE_IO_H.c.o -c /home/ideapad/Desktop/AED/build/CMakeFiles/CheckIncludeFiles/HAVE_IO_H.c
/home/ideapad/Desktop/AED/build/CMakeFiles/CheckIncludeFiles/HAVE_IO_H.c:17:10: fatal error: io.h: No such file or directory
   17 | #include <io.h>
      |          ^~~~~~
compilation terminated.
gmake[1]: *** [CMakeFiles/cmTC_05adb.dir/build.make:78: CMakeFiles/cmTC_05adb.dir/HAVE_IO_H.c.o] Error 1
gmake[1]: Leaving directory '/home/ideapad/Desktop/AED/build/CMakeFiles/CMakeTmp'
gmake: *** [Makefile:127: cmTC_05adb/fast] Error 2


Source:
/* */
#include <sys/wait.h>
#include <sys/ioctl.h>
#include <sys/param.h>
#include <sys/poll.h>
#include <sys/resource.h>
#include <sys/select.h>
#include <sys/socket.h>
#include <sys/stat.h>
#include <sys/time.h>
#include <sys/types.h>
#include <sys/un.h>
#include <sys/xattr.h>
#include <arpa/inet.h>
#include <fcntl.h>
#include <ifaddrs.h>
#include <io.h>


int main(void){return 0;}

Determining if files sys/wait.h;sys/ioctl.h;sys/param.h;sys/poll.h;sys/resource.h;sys/select.h;sys/socket.h;sys/stat.h;sys/time.h;sys/types.h;sys/un.h;sys/xattr.h;arpa/inet.h;fcntl.h;ifaddrs.h;libgen.h;locale.h;net/if.h;netdb.h;netinet/in.h;netinet/tcp.h;netinet/udp.h;poll.h;pwd.h;stdatomic.h;stdbool.h;strings.h;stropts.h exist failed with the following output:
Change Dir: /home/ideapad/Desktop/AED/build/CMakeFiles/CMakeTmp

Run Build Command(s):/usr/bin/gmake -f Makefile cmTC_067a3/fast && /usr/bin/gmake  -f CMakeFiles/cmTC_067a3.dir/build.make CMakeFiles/cmTC_067a3.dir/build
gmake[1]: Entering directory '/home/ideapad/Desktop/AED/build/CMakeFiles/CMakeTmp'
Building C object CMakeFiles/cmTC_067a3.dir/HAVE_STROPTS_H.c.o
/usr/bin/cc   -W -Wall -pedantic -Wbad-function-cast -Wconversion -Winline -Wmissing-declarations -Wmissing-prototypes -Wnested-externs -Wno-long-long -Wno-multichar -Wpointer-arith -Wshadow -Wsign-compare -Wundef -Wunused -Wwrite-strings -Waddress -Wattributes -Wcast-align -Wdeclaration-after-statement -Wdiv-by-zero -Wempty-body -Wendif-labels -Wfloat-equal -Wformat-security -Wignored-qualifiers -Wmissing-field-initializers -Wmissing-noreturn -Wno-format-nonliteral -Wno-system-headers -Wold-style-definition -Wredundant-decls -Wsign-conversion -Wno-error=sign-conversion -Wstrict-prototypes -Wtype-limits -Wunreachable-code -Wunused-parameter -Wvla -Wclobbered -Wmissing-parameter-type -Wold-style-declaration -Wstrict-aliasing=3 -Wtrampolines -Wformat=2 -Warray-bounds=2 -ftree-vrp -Wduplicated-cond -Wnull-dereference -fdelete-null-pointer-checks -Wshift-negative-value -Wshift-overflow=2 -Walloc-zero -Wduplicated-branches -Wformat-overflow=2 -Wformat-truncation=2 -Wimplicit-fallthrough -Wrestrict -Warith-conversion -Wdouble-promotion -Wenum-conversion -Wpragmas -Wunused-const-variable  -o CMakeFiles/cmTC_067a3.dir/HAVE_STROPTS_H.c.o -c /home/ideapad/Desktop/AED/build/CMakeFiles/CheckIncludeFiles/HAVE_STROPTS_H.c
/home/ideapad/Desktop/AED/build/CMakeFiles/CheckIncludeFiles/HAVE_STROPTS_H.c:29:10: fatal error: stropts.h: No such file or directory
   29 | #include <stropts.h>
      |          ^~~~~~~~~~~
compilation terminated.
gmake[1]: *** [CMakeFiles/cmTC_067a3.dir/build.make:78: CMakeFiles/cmTC_067a3.dir/HAVE_STROPTS_H.c.o] Error 1
gmake[1]: Leaving directory '/home/ideapad/Desktop/AED/build/CMakeFiles/CMakeTmp'
gmake: *** [Makefile:127: cmTC_067a3/fast] Error 2


Source:
/* */
#include <sys/wait.h>
#include <sys/ioctl.h>
#include <sys/param.h>
#include <sys/poll.h>
#include <sys/resource.h>
#include <sys/select.h>
#include <sys/socket.h>
#include <sys/stat.h>
#include <sys/time.h>
#include <sys/types.h>
#include <sys/un.h>
#include <sys/xattr.h>
#include <arpa/inet.h>
#include <fcntl.h>
#include <ifaddrs.h>
#include <libgen.h>
#include <locale.h>
#include <net/if.h>
#include <netdb.h>
#include <netinet/in.h>
#include <netinet/tcp.h>
#include <netinet/udp.h>
#include <poll.h>
#include <pwd.h>
#include <stdatomic.h>
#include <stdbool.h>
#include <strings.h>
#include <stropts.h>


int main(void){return 0;}

Determining size of __int64 failed with the following output:
Change Dir: /home/ideapad/Desktop/AED/build/CMakeFiles/CMakeTmp

Run Build Command(s):/usr/bin/gmake -f Makefile cmTC_433eb/fast && /usr/bin/gmake  -f CMakeFiles/cmTC_433eb.dir/build.make CMakeFiles/cmTC_433eb.dir/build
gmake[1]: Entering directory '/home/ideapad/Desktop/AED/build/CMakeFiles/CMakeTmp'
Building C object CMakeFiles/cmTC_433eb.dir/SIZEOF___INT64.c.o
/usr/bin/cc   -W -Wall -pedantic -Wbad-function-cast -Wconversion -Winline -Wmissing-declarations -Wmissing-prototypes -Wnested-externs -Wno-long-long -Wno-multichar -Wpointer-arith -Wshadow -Wsign-compare -Wundef -Wunused -Wwrite-strings -Waddress -Wattributes -Wcast-align -Wdeclaration-after-statement -Wdiv-by-zero -Wempty-body -Wendif-labels -Wfloat-equal -Wformat-security -Wignored-qualifiers -Wmissing-field-initializers -Wmissing-noreturn -Wno-format-nonliteral -Wno-system-headers -Wold-style-definition -Wredundant-decls -Wsign-conversion -Wno-error=sign-conversion -Wstrict-prototypes -Wtype-limits -Wunreachable-code -Wunused-parameter -Wvla -Wclobbered -Wmissing-parameter-type -Wold-style-declaration -Wstrict-aliasing=3 -Wtrampolines -Wformat=2 -Warray-bounds=2 -ftree-vrp -Wduplicated-cond -Wnull-dereference -fdelete-null-pointer-checks -Wshift-negative-value -Wshift-overflow=2 -Walloc-zero -Wduplicated-branches -Wformat-overflow=2 -Wformat-truncation=2 -Wimplicit-fallthrough -Wrestrict -Warith-conversion -Wdouble-promotion -Wenum-conversion -Wpragmas -Wunused-const-variable  -o CMakeFiles/cmTC_433eb.dir/SIZEOF___INT64.c.o -c /home/ideapad/Desktop/AED/build/CMakeFiles/CheckTypeSize/SIZEOF___INT64.c
/home/ideapad/Desktop/AED/build/CMakeFiles/CheckTypeSize/SIZEOF___INT64.c:27:22: error: ‘__int64’ undeclared here (not in a function); did you mean ‘__int64_t’?
   27 | #define SIZE (sizeof(__int64))
      |                      ^~~~~~~
/home/ideapad/Desktop/AED/build/CMakeFiles/CheckTypeSize/SIZEOF___INT64.c:29:12: note: in expansion of macro ‘SIZE’
   29 |   ('0' + ((SIZE / 10000)%10)),
      |            ^~~~
gmake[1]: *** [CMakeFiles/cmTC_433eb.dir/build.make:78: CMakeFiles/cmTC_433eb.dir/SIZEOF___INT64.c.o] Error 1
gmake[1]: Leaving directory '/home/ideapad/Desktop/AED/build/CMakeFiles/CMakeTmp'
gmake: *** [Makefile:127: cmTC_433eb/fast] Error 2


/home/ideapad/Desktop/AED/build/CMakeFiles/CheckTypeSize/SIZEOF___INT64.c:
#include <sys/types.h>
#include <stdint.h>
#include <stddef.h>


#undef KEY
#if defined(__i386)
# define KEY '_','_','i','3','8','6'
#elif defined(__x86_64)
# define KEY '_','_','x','8','6','_','6','4'
#elif defined(__PPC64__)
# define KEY '_','_','P','P','C','6','4','_','_'
#elif defined(__ppc64__)
# define KEY '_','_','p','p','c','6','4','_','_'
#elif defined(__PPC__)
# define KEY '_','_','P','P','C','_','_'
#elif defined(__ppc__)
# define KEY '_','_','p','p','c','_','_'
#elif defined(__aarch64__)
# define KEY '_','_','a','a','r','c','h','6','4','_','_'
#elif defined(__ARM_ARCH_7A__)
# define KEY '_','_','A','R','M','_','A','R','C','H','_','7','A','_','_'
#elif defined(__ARM_ARCH_7S__)
# define KEY '_','_','A','R','M','_','A','R','C','H','_','7','S','_','_'
#endif

#define SIZE (sizeof(__int64))
static char info_size[] =  {'I', 'N', 'F', 'O', ':', 's','i','z','e','[',
  ('0' + ((SIZE / 10000)%10)),
  ('0' + ((SIZE / 1000)%10)),
  ('0' + ((SIZE / 100)%10)),
  ('0' + ((SIZE / 10)%10)),
  ('0' +  (SIZE    % 10)),
  ']',
#ifdef KEY
  ' ','k','e','y','[', KEY, ']',
#endif
  '\0'};

#ifdef __CLASSIC_C__
int main(argc, argv) int argc; char *argv[];
#else
int main(int argc, char *argv[])
#endif
{
  int require = 0;
  require += info_size[argc];
  (void)argv;
  return require;
}


Determining if the stricmp exist failed with the following output:
Change Dir: /home/ideapad/Desktop/AED/build/CMakeFiles/CMakeTmp

Run Build Command(s):/usr/bin/gmake -f Makefile cmTC_8a3aa/fast && /usr/bin/gmake  -f CMakeFiles/cmTC_8a3aa.dir/build.make CMakeFiles/cmTC_8a3aa.dir/build
gmake[1]: Entering directory '/home/ideapad/Desktop/AED/build/CMakeFiles/CMakeTmp'
Building C object CMakeFiles/cmTC_8a3aa.dir/CheckSymbolExists.c.o
/usr/bin/cc   -W -Wall -pedantic -Wbad-function-cast -Wconversion -Winline -Wmissing-declarations -Wmissing-prototypes -Wnested-externs -Wno-long-long -Wno-multichar -Wpointer-arith -Wshadow -Wsign-compare -Wundef -Wunused -Wwrite-strings -Waddress -Wattributes -Wcast-align -Wdeclaration-after-statement -Wdiv-by-zero -Wempty-body -Wendif-labels -Wfloat-equal -Wformat-security -Wignored-qualifiers -Wmissing-field-initializers -Wmissing-noreturn -Wno-format-nonliteral -Wno-system-headers -Wold-style-definition -Wredundant-decls -Wsign-conversion -Wno-error=sign-conversion -Wstrict-prototypes -Wtype-limits -Wunreachable-code -Wunused-parameter -Wvla -Wclobbered -Wmissing-parameter-type -Wold-style-declaration -Wstrict-aliasing=3 -Wtrampolines -Wformat=2 -Warray-bounds=2 -ftree-vrp -Wduplicated-cond -Wnull-dereference -fdelete-null-pointer-checks -Wshift-negative-value -Wshift-overflow=2 -Walloc-zero -Wduplicated-branches -Wformat-overflow=2 -Wformat-truncation=2 -Wimplicit-fallthrough -Wrestrict -Warith-conversion -Wdouble-promotion -Wenum-conversion -Wpragmas -Wunused-const-variable  -o CMakeFiles/cmTC_8a3aa.dir/CheckSymbolExists.c.o -c /home/ideapad/Desktop/AED/build/CMakeFiles/CMakeTmp/CheckSymbolExists.c
/home/ideapad/Desktop/AED/build/CMakeFiles/CMakeTmp/CheckSymbolExists.c: In function ‘main’:
/home/ideapad/Desktop/AED/build/CMakeFiles/CMakeTmp/CheckSymbolExists.c:39:19: error: ‘stricmp’ undeclared (first use in this function); did you mean ‘strncmp’?
   39 |   return ((int*)(&stricmp))[argc];
      |                   ^~~~~~~
      |                   strncmp
/home/ideapad/Desktop/AED/build/CMakeFiles/CMakeTmp/CheckSymbolExists.c:39:19: note: each undeclared identifier is reported only once for each function it appears in
/home/ideapad/Desktop/AED/build/CMakeFiles/CMakeTmp/CheckSymbolExists.c:35:14: warning: parameter ‘argc’ set but not used [-Wunused-but-set-parameter]
   35 | int main(int argc, char** argv)
      |          ~~~~^~~~
gmake[1]: *** [CMakeFiles/cmTC_8a3aa.dir/build.make:78: CMakeFiles/cmTC_8a3aa.dir/CheckSymbolExists.c.o] Error 1
gmake[1]: Leaving directory '/home/ideapad/Desktop/AED/build/CMakeFiles/CMakeTmp'
gmake: *** [Makefile:127: cmTC_8a3aa/fast] Error 2


File /home/ideapad/Desktop/AED/build/CMakeFiles/CMakeTmp/CheckSymbolExists.c:
/* */
#include <sys/wait.h>
#include <sys/ioctl.h>
#include <sys/param.h>
#include <sys/poll.h>
#include <sys/resource.h>
#include <sys/select.h>
#include <sys/socket.h>
#include <sys/stat.h>
#include <sys/time.h>
#include <sys/types.h>
#include <sys/un.h>
#include <sys/xattr.h>
#include <arpa/inet.h>
#include <fcntl.h>
#include <ifaddrs.h>
#include <libgen.h>
#include <locale.h>
#include <net/if.h>
#include <netdb.h>
#include <netinet/in.h>
#include <netinet/tcp.h>
#include <netinet/udp.h>
#include <poll.h>
#include <pwd.h>
#include <stdatomic.h>
#include <stdbool.h>
#include <strings.h>
#include <termio.h>
#include <termios.h>
#include <unistd.h>
#include <utime.h>
#include <string.h>

int main(int argc, char** argv)
{
  (void)argv;
#ifndef stricmp
  return ((int*)(&stricmp))[argc];
#else
  (void)argc;
  return 0;
#endif
}
Determining if the strcmpi exist failed with the following output:
Change Dir: /home/ideapad/Desktop/AED/build/CMakeFiles/CMakeTmp

Run Build Command(s):/usr/bin/gmake -f Makefile cmTC_4d26d/fast && /usr/bin/gmake  -f CMakeFiles/cmTC_4d26d.dir/build.make CMakeFiles/cmTC_4d26d.dir/build
gmake[1]: Entering directory '/home/ideapad/Desktop/AED/build/CMakeFiles/CMakeTmp'
Building C object CMakeFiles/cmTC_4d26d.dir/CheckSymbolExists.c.o
/usr/bin/cc   -W -Wall -pedantic -Wbad-function-cast -Wconversion -Winline -Wmissing-declarations -Wmissing-prototypes -Wnested-externs -Wno-long-long -Wno-multichar -Wpointer-arith -Wshadow -Wsign-compare -Wundef -Wunused -Wwrite-strings -Waddress -Wattributes -Wcast-align -Wdeclaration-after-statement -Wdiv-by-zero -Wempty-body -Wendif-labels -Wfloat-equal -Wformat-security -Wignored-qualifiers -Wmissing-field-initializers -Wmissing-noreturn -Wno-format-nonliteral -Wno-system-headers -Wold-style-definition -Wredundant-decls -Wsign-conversion -Wno-error=sign-conversion -Wstrict-prototypes -Wtype-limits -Wunreachable-code -Wunused-parameter -Wvla -Wclobbered -Wmissing-parameter-type -Wold-style-declaration -Wstrict-aliasing=3 -Wtrampolines -Wformat=2 -Warray-bounds=2 -ftree-vrp -Wduplicated-cond -Wnull-dereference -fdelete-null-pointer-checks -Wshift-negative-value -Wshift-overflow=2 -Walloc-zero -Wduplicated-branches -Wformat-overflow=2 -Wformat-truncation=2 -Wimplicit-fallthrough -Wrestrict -Warith-conversion -Wdouble-promotion -Wenum-conversion -Wpragmas -Wunused-const-variable  -o CMakeFiles/cmTC_4d26d.dir/CheckSymbolExists.c.o -c /home/ideapad/Desktop/AED/build/CMakeFiles/CMakeTmp/CheckSymbolExists.c
/home/ideapad/Desktop/AED/build/CMakeFiles/CMakeTmp/CheckSymbolExists.c: In function ‘main’:
/home/ideapad/Desktop/AED/build/CMakeFiles/CMakeTmp/CheckSymbolExists.c:39:19: error: ‘strcmpi’ undeclared (first use in this function); did you mean ‘strcmp’?
   39 |   return ((int*)(&strcmpi))[argc];
      |                   ^~~~~~~
      |                   strcmp
/home/ideapad/Desktop/AED/build/CMakeFiles/CMakeTmp/CheckSymbolExists.c:39:19: note: each undeclared identifier is reported only once for each function it appears in
/home/ideapad/Desktop/AED/build/CMakeFiles/CMakeTmp/CheckSymbolExists.c:35:14: warning: parameter ‘argc’ set but not used [-Wunused-but-set-parameter]
   35 | int main(int argc, char** argv)
      |          ~~~~^~~~
gmake[1]: *** [CMakeFiles/cmTC_4d26d.dir/build.make:78: CMakeFiles/cmTC_4d26d.dir/CheckSymbolExists.c.o] Error 1
gmake[1]: Leaving directory '/home/ideapad/Desktop/AED/build/CMakeFiles/CMakeTmp'
gmake: *** [Makefile:127: cmTC_4d26d/fast] Error 2


File /home/ideapad/Desktop/AED/build/CMakeFiles/CMakeTmp/CheckSymbolExists.c:
/* */
#include <sys/wait.h>
#include <sys/ioctl.h>
#include <sys/param.h>
#include <sys/poll.h>
#include <sys/resource.h>
#include <sys/select.h>
#include <sys/socket.h>
#include <sys/stat.h>
#include <sys/time.h>
#include <sys/types.h>
#include <sys/un.h>
#include <sys/xattr.h>
#include <arpa/inet.h>
#include <fcntl.h>
#include <ifaddrs.h>
#include <libgen.h>
#include <locale.h>
#include <net/if.h>
#include <netdb.h>
#include <netinet/in.h>
#include <netinet/tcp.h>
#include <netinet/udp.h>
#include <poll.h>
#include <pwd.h>
#include <stdatomic.h>
#include <stdbool.h>
#include <strings.h>
#include <termio.h>
#include <termios.h>
#include <unistd.h>
#include <utime.h>
#include <string.h>

int main(int argc, char** argv)
{
  (void)argv;
#ifndef strcmpi
  return ((int*)(&strcmpi))[argc];
#else
  (void)argc;
  return 0;
#endif
}
Determining if the memrchr exist failed with the following output:
Change Dir: /home/ideapad/Desktop/AED/build/CMakeFiles/CMakeTmp

Run Build Command(s):/usr/bin/gmake -f Makefile cmTC_b2c6e/fast && /usr/bin/gmake  -f CMakeFiles/cmTC_b2c6e.dir/build.make CMakeFiles/cmTC_b2c6e.dir/build
gmake[1]: Entering directory '/home/ideapad/Desktop/AED/build/CMakeFiles/CMakeTmp'
Building C object CMakeFiles/cmTC_b2c6e.dir/CheckSymbolExists.c.o
/usr/bin/cc   -W -Wall -pedantic -Wbad-function-cast -Wconversion -Winline -Wmissing-declarations -Wmissing-prototypes -Wnested-externs -Wno-long-long -Wno-multichar -Wpointer-arith -Wshadow -Wsign-compare -Wundef -Wunused -Wwrite-strings -Waddress -Wattributes -Wcast-align -Wdeclaration-after-statement -Wdiv-by-zero -Wempty-body -Wendif-labels -Wfloat-equal -Wformat-security -Wignored-qualifiers -Wmissing-field-initializers -Wmissing-noreturn -Wno-format-nonliteral -Wno-system-headers -Wold-style-definition -Wredundant-decls -Wsign-conversion -Wno-error=sign-conversion -Wstrict-prototypes -Wtype-limits -Wunreachable-code -Wunused-parameter -Wvla -Wclobbered -Wmissing-parameter-type -Wold-style-declaration -Wstrict-aliasing=3 -Wtrampolines -Wformat=2 -Warray-bounds=2 -ftree-vrp -Wduplicated-cond -Wnull-dereference -fdelete-null-pointer-checks -Wshift-negative-value -Wshift-overflow=2 -Walloc-zero -Wduplicated-branches -Wformat-overflow=2 -Wformat-truncation=2 -Wimplicit-fallthrough -Wrestrict -Warith-conversion -Wdouble-promotion -Wenum-conversion -Wpragmas -Wunused-const-variable  -o CMakeFiles/cmTC_b2c6e.dir/CheckSymbolExists.c.o -c /home/ideapad/Desktop/AED/build/CMakeFiles/CMakeTmp/CheckSymbolExists.c
/home/ideapad/Desktop/AED/build/CMakeFiles/CMakeTmp/CheckSymbolExists.c: In function ‘main’:
/home/ideapad/Desktop/AED/build/CMakeFiles/CMakeTmp/CheckSymbolExists.c:39:19: error: ‘memrchr’ undeclared (first use in this function); did you mean ‘memchr’?
   39 |   return ((int*)(&memrchr))[argc];
      |                   ^~~~~~~
      |                   memchr
/home/ideapad/Desktop/AED/build/CMakeFiles/CMakeTmp/CheckSymbolExists.c:39:19: note: each undeclared identifier is reported only once for each function it appears in
/home/ideapad/Desktop/AED/build/CMakeFiles/CMakeTmp/CheckSymbolExists.c:35:14: warning: parameter ‘argc’ set but not used [-Wunused-but-set-parameter]
   35 | int main(int argc, char** argv)
      |          ~~~~^~~~
gmake[1]: *** [CMakeFiles/cmTC_b2c6e.dir/build.make:78: CMakeFiles/cmTC_b2c6e.dir/CheckSymbolExists.c.o] Error 1
gmake[1]: Leaving directory '/home/ideapad/Desktop/AED/build/CMakeFiles/CMakeTmp'
gmake: *** [Makefile:127: cmTC_b2c6e/fast] Error 2


File /home/ideapad/Desktop/AED/build/CMakeFiles/CMakeTmp/CheckSymbolExists.c:
/* */
#include <sys/wait.h>
#include <sys/ioctl.h>
#include <sys/param.h>
#include <sys/poll.h>
#include <sys/resource.h>
#include <sys/select.h>
#include <sys/socket.h>
#include <sys/stat.h>
#include <sys/time.h>
#include <sys/types.h>
#include <sys/un.h>
#include <sys/xattr.h>
#include <arpa/inet.h>
#include <fcntl.h>
#include <ifaddrs.h>
#include <libgen.h>
#include <locale.h>
#include <net/if.h>
#include <netdb.h>
#include <netinet/in.h>
#include <netinet/tcp.h>
#include <netinet/udp.h>
#include <poll.h>
#include <pwd.h>
#include <stdatomic.h>
#include <stdbool.h>
#include <strings.h>
#include <termio.h>
#include <termios.h>
#include <unistd.h>
#include <utime.h>
#include <string.h>

int main(int argc, char** argv)
{
  (void)argv;
#ifndef memrchr
  return ((int*)(&memrchr))[argc];
#else
  (void)argc;
  return 0;
#endif
}
Determining if the arc4random exist failed with the following output:
Change Dir: /home/ideapad/Desktop/AED/build/CMakeFiles/CMakeTmp

Run Build Command(s):/usr/bin/gmake -f Makefile cmTC_cf380/fast && /usr/bin/gmake  -f CMakeFiles/cmTC_cf380.dir/build.make CMakeFiles/cmTC_cf380.dir/build
gmake[1]: Entering directory '/home/ideapad/Desktop/AED/build/CMakeFiles/CMakeTmp'
Building C object CMakeFiles/cmTC_cf380.dir/CheckSymbolExists.c.o
/usr/bin/cc   -W -Wall -pedantic -Wbad-function-cast -Wconversion -Winline -Wmissing-declarations -Wmissing-prototypes -Wnested-externs -Wno-long-long -Wno-multichar -Wpointer-arith -Wshadow -Wsign-compare -Wundef -Wunused -Wwrite-strings -Waddress -Wattributes -Wcast-align -Wdeclaration-after-statement -Wdiv-by-zero -Wempty-body -Wendif-labels -Wfloat-equal -Wformat-security -Wignored-qualifiers -Wmissing-field-initializers -Wmissing-noreturn -Wno-format-nonliteral -Wno-system-headers -Wold-style-definition -Wredundant-decls -Wsign-conversion -Wno-error=sign-conversion -Wstrict-prototypes -Wtype-limits -Wunreachable-code -Wunused-parameter -Wvla -Wclobbered -Wmissing-parameter-type -Wold-style-declaration -Wstrict-aliasing=3 -Wtrampolines -Wformat=2 -Warray-bounds=2 -ftree-vrp -Wduplicated-cond -Wnull-dereference -fdelete-null-pointer-checks -Wshift-negative-value -Wshift-overflow=2 -Walloc-zero -Wduplicated-branches -Wformat-overflow=2 -Wformat-truncation=2 -Wimplicit-fallthrough -Wrestrict -Warith-conversion -Wdouble-promotion -Wenum-conversion -Wpragmas -Wunused-const-variable  -o CMakeFiles/cmTC_cf380.dir/CheckSymbolExists.c.o -c /home/ideapad/Desktop/AED/build/CMakeFiles/CMakeTmp/CheckSymbolExists.c
/home/ideapad/Desktop/AED/build/CMakeFiles/CMakeTmp/CheckSymbolExists.c: In function ‘main’:
/home/ideapad/Desktop/AED/build/CMakeFiles/CMakeTmp/CheckSymbolExists.c:39:19: error: ‘arc4random’ undeclared (first use in this function); did you mean ‘srandom’?
   39 |   return ((int*)(&arc4random))[argc];
      |                   ^~~~~~~~~~
      |                   srandom
/home/ideapad/Desktop/AED/build/CMakeFiles/CMakeTmp/CheckSymbolExists.c:39:19: note: each undeclared identifier is reported only once for each function it appears in
/home/ideapad/Desktop/AED/build/CMakeFiles/CMakeTmp/CheckSymbolExists.c:35:14: warning: parameter ‘argc’ set but not used [-Wunused-but-set-parameter]
   35 | int main(int argc, char** argv)
      |          ~~~~^~~~
gmake[1]: *** [CMakeFiles/cmTC_cf380.dir/build.make:78: CMakeFiles/cmTC_cf380.dir/CheckSymbolExists.c.o] Error 1
gmake[1]: Leaving directory '/home/ideapad/Desktop/AED/build/CMakeFiles/CMakeTmp'
gmake: *** [Makefile:127: cmTC_cf380/fast] Error 2


File /home/ideapad/Desktop/AED/build/CMakeFiles/CMakeTmp/CheckSymbolExists.c:
/* */
#include <sys/wait.h>
#include <sys/ioctl.h>
#include <sys/param.h>
#include <sys/poll.h>
#include <sys/resource.h>
#include <sys/select.h>
#include <sys/socket.h>
#include <sys/stat.h>
#include <sys/time.h>
#include <sys/types.h>
#include <sys/un.h>
#include <sys/xattr.h>
#include <arpa/inet.h>
#include <fcntl.h>
#include <ifaddrs.h>
#include <libgen.h>
#include <locale.h>
#include <net/if.h>
#include <netdb.h>
#include <netinet/in.h>
#include <netinet/tcp.h>
#include <netinet/udp.h>
#include <poll.h>
#include <pwd.h>
#include <stdatomic.h>
#include <stdbool.h>
#include <strings.h>
#include <termio.h>
#include <termios.h>
#include <unistd.h>
#include <utime.h>
#include <stdlib.h>

int main(int argc, char** argv)
{
  (void)argv;
#ifndef arc4random
  return ((int*)(&arc4random))[argc];
#else
  (void)argc;
  return 0;
#endif
}
Determining if the closesocket exist failed with the following output:
Change Dir: /home/ideapad/Desktop/AED/build/CMakeFiles/CMakeTmp

Run Build Command(s):/usr/bin/gmake -f Makefile cmTC_c3e44/fast && /usr/bin/gmake  -f CMakeFiles/cmTC_c3e44.dir/build.make CMakeFiles/cmTC_c3e44.dir/build
gmake[1]: Entering directory '/home/ideapad/Desktop/AED/build/CMakeFiles/CMakeTmp'
Building C object CMakeFiles/cmTC_c3e44.dir/CheckSymbolExists.c.o
/usr/bin/cc   -W -Wall -pedantic -Wbad-function-cast -Wconversion -Winline -Wmissing-declarations -Wmissing-prototypes -Wnested-externs -Wno-long-long -Wno-multichar -Wpointer-arith -Wshadow -Wsign-compare -Wundef -Wunused -Wwrite-strings -Waddress -Wattributes -Wcast-align -Wdeclaration-after-statement -Wdiv-by-zero -Wempty-body -Wendif-labels -Wfloat-equal -Wformat-security -Wignored-qualifiers -Wmissing-field-initializers -Wmissing-noreturn -Wno-format-nonliteral -Wno-system-headers -Wold-style-definition -Wredundant-decls -Wsign-conversion -Wno-error=sign-conversion -Wstrict-prototypes -Wtype-limits -Wunreachable-code -Wunused-parameter -Wvla -Wclobbered -Wmissing-parameter-type -Wold-style-declaration -Wstrict-aliasing=3 -Wtrampolines -Wformat=2 -Warray-bounds=2 -ftree-vrp -Wduplicated-cond -Wnull-dereference -fdelete-null-pointer-checks -Wshift-negative-value -Wshift-overflow=2 -Walloc-zero -Wduplicated-branches -Wformat-overflow=2 -Wformat-truncation=2 -Wimplicit-fallthrough -Wrestrict -Warith-conversion -Wdouble-promotion -Wenum-conversion -Wpragmas -Wunused-const-variable  -o CMakeFiles/cmTC_c3e44.dir/CheckSymbolExists.c.o -c /home/ideapad/Desktop/AED/build/CMakeFiles/CMakeTmp/CheckSymbolExists.c
/home/ideapad/Desktop/AED/build/CMakeFiles/CMakeTmp/CheckSymbolExists.c: In function ‘main’:
/home/ideapad/Desktop/AED/build/CMakeFiles/CMakeTmp/CheckSymbolExists.c:38:19: error: ‘closesocket’ undeclared (first use in this function)
   38 |   return ((int*)(&closesocket))[argc];
      |                   ^~~~~~~~~~~
/home/ideapad/Desktop/AED/build/CMakeFiles/CMakeTmp/CheckSymbolExists.c:38:19: note: each undeclared identifier is reported only once for each function it appears in
/home/ideapad/Desktop/AED/build/CMakeFiles/CMakeTmp/CheckSymbolExists.c:34:14: warning: parameter ‘argc’ set but not used [-Wunused-but-set-parameter]
   34 | int main(int argc, char** argv)
      |          ~~~~^~~~
gmake[1]: *** [CMakeFiles/cmTC_c3e44.dir/build.make:78: CMakeFiles/cmTC_c3e44.dir/CheckSymbolExists.c.o] Error 1
gmake[1]: Leaving directory '/home/ideapad/Desktop/AED/build/CMakeFiles/CMakeTmp'
gmake: *** [Makefile:127: cmTC_c3e44/fast] Error 2


File /home/ideapad/Desktop/AED/build/CMakeFiles/CMakeTmp/CheckSymbolExists.c:
/* */
#include <sys/wait.h>
#include <sys/ioctl.h>
#include <sys/param.h>
#include <sys/poll.h>
#include <sys/resource.h>
#include <sys/select.h>
#include <sys/socket.h>
#include <sys/stat.h>
#include <sys/time.h>
#include <sys/types.h>
#include <sys/un.h>
#include <sys/xattr.h>
#include <arpa/inet.h>
#include <fcntl.h>
#include <ifaddrs.h>
#include <libgen.h>
#include <locale.h>
#include <net/if.h>
#include <netdb.h>
#include <netinet/in.h>
#include <netinet/tcp.h>
#include <netinet/udp.h>
#include <poll.h>
#include <pwd.h>
#include <stdatomic.h>
#include <stdbool.h>
#include <strings.h>
#include <termio.h>
#include <termios.h>
#include <unistd.h>
#include <utime.h>

int main(int argc, char** argv)
{
  (void)argv;
#ifndef closesocket
  return ((int*)(&closesocket))[argc];
#else
  (void)argc;
  return 0;
#endif
}
Determining if the getpass_r exist failed with the following output:
Change Dir: /home/ideapad/Desktop/AED/build/CMakeFiles/CMakeTmp

Run Build Command(s):/usr/bin/gmake -f Makefile cmTC_68472/fast && /usr/bin/gmake  -f CMakeFiles/cmTC_68472.dir/build.make CMakeFiles/cmTC_68472.dir/build
gmake[1]: Entering directory '/home/ideapad/Desktop/AED/build/CMakeFiles/CMakeTmp'
Building C object CMakeFiles/cmTC_68472.dir/CheckSymbolExists.c.o
/usr/bin/cc   -W -Wall -pedantic -Wbad-function-cast -Wconversion -Winline -Wmissing-declarations -Wmissing-prototypes -Wnested-externs -Wno-long-long -Wno-multichar -Wpointer-arith -Wshadow -Wsign-compare -Wundef -Wunused -Wwrite-strings -Waddress -Wattributes -Wcast-align -Wdeclaration-after-statement -Wdiv-by-zero -Wempty-body -Wendif-labels -Wfloat-equal -Wformat-security -Wignored-qualifiers -Wmissing-field-initializers -Wmissing-noreturn -Wno-format-nonliteral -Wno-system-headers -Wold-style-definition -Wredundant-decls -Wsign-conversion -Wno-error=sign-conversion -Wstrict-prototypes -Wtype-limits -Wunreachable-code -Wunused-parameter -Wvla -Wclobbered -Wmissing-parameter-type -Wold-style-declaration -Wstrict-aliasing=3 -Wtrampolines -Wformat=2 -Warray-bounds=2 -ftree-vrp -Wduplicated-cond -Wnull-dereference -fdelete-null-pointer-checks -Wshift-negative-value -Wshift-overflow=2 -Walloc-zero -Wduplicated-branches -Wformat-overflow=2 -Wformat-truncation=2 -Wimplicit-fallthrough -Wrestrict -Warith-conversion -Wdouble-promotion -Wenum-conversion -Wpragmas -Wunused-const-variable  -o CMakeFiles/cmTC_68472.dir/CheckSymbolExists.c.o -c /home/ideapad/Desktop/AED/build/CMakeFiles/CMakeTmp/CheckSymbolExists.c
/home/ideapad/Desktop/AED/build/CMakeFiles/CMakeTmp/CheckSymbolExists.c: In function ‘main’:
/home/ideapad/Desktop/AED/build/CMakeFiles/CMakeTmp/CheckSymbolExists.c:38:19: error: ‘getpass_r’ undeclared (first use in this function); did you mean ‘getpass’?
   38 |   return ((int*)(&getpass_r))[argc];
      |                   ^~~~~~~~~
      |                   getpass
/home/ideapad/Desktop/AED/build/CMakeFiles/CMakeTmp/CheckSymbolExists.c:38:19: note: each undeclared identifier is reported only once for each function it appears in
/home/ideapad/Desktop/AED/build/CMakeFiles/CMakeTmp/CheckSymbolExists.c:34:14: warning: parameter ‘argc’ set but not used [-Wunused-but-set-parameter]
   34 | int main(int argc, char** argv)
      |          ~~~~^~~~
gmake[1]: *** [CMakeFiles/cmTC_68472.dir/build.make:78: CMakeFiles/cmTC_68472.dir/CheckSymbolExists.c.o] Error 1
gmake[1]: Leaving directory '/home/ideapad/Desktop/AED/build/CMakeFiles/CMakeTmp'
gmake: *** [Makefile:127: cmTC_68472/fast] Error 2


File /home/ideapad/Desktop/AED/build/CMakeFiles/CMakeTmp/CheckSymbolExists.c:
/* */
#include <sys/wait.h>
#include <sys/ioctl.h>
#include <sys/param.h>
#include <sys/poll.h>
#include <sys/resource.h>
#include <sys/select.h>
#include <sys/socket.h>
#include <sys/stat.h>
#include <sys/time.h>
#include <sys/types.h>
#include <sys/un.h>
#include <sys/xattr.h>
#include <arpa/inet.h>
#include <fcntl.h>
#include <ifaddrs.h>
#include <libgen.h>
#include <locale.h>
#include <net/if.h>
#include <netdb.h>
#include <netinet/in.h>
#include <netinet/tcp.h>
#include <netinet/udp.h>
#include <poll.h>
#include <pwd.h>
#include <stdatomic.h>
#include <stdbool.h>
#include <strings.h>
#include <termio.h>
#include <termios.h>
#include <unistd.h>
#include <utime.h>

int main(int argc, char** argv)
{
  (void)argv;
#ifndef getpass_r
  return ((int*)(&getpass_r))[argc];
#else
  (void)argc;
  return 0;
#endif
}
Determining if the _fseeki64 exist failed with the following output:
Change Dir: /home/ideapad/Desktop/AED/build/CMakeFiles/CMakeTmp

Run Build Command(s):/usr/bin/gmake -f Makefile cmTC_640f7/fast && /usr/bin/gmake  -f CMakeFiles/cmTC_640f7.dir/build.make CMakeFiles/cmTC_640f7.dir/build
gmake[1]: Entering directory '/home/ideapad/Desktop/AED/build/CMakeFiles/CMakeTmp'
Building C object CMakeFiles/cmTC_640f7.dir/CheckSymbolExists.c.o
/usr/bin/cc   -W -Wall -pedantic -Wbad-function-cast -Wconversion -Winline -Wmissing-declarations -Wmissing-prototypes -Wnested-externs -Wno-long-long -Wno-multichar -Wpointer-arith -Wshadow -Wsign-compare -Wundef -Wunused -Wwrite-strings -Waddress -Wattributes -Wcast-align -Wdeclaration-after-statement -Wdiv-by-zero -Wempty-body -Wendif-labels -Wfloat-equal -Wformat-security -Wignored-qualifiers -Wmissing-field-initializers -Wmissing-noreturn -Wno-format-nonliteral -Wno-system-headers -Wold-style-definition -Wredundant-decls -Wsign-conversion -Wno-error=sign-conversion -Wstrict-prototypes -Wtype-limits -Wunreachable-code -Wunused-parameter -Wvla -Wclobbered -Wmissing-parameter-type -Wold-style-declaration -Wstrict-aliasing=3 -Wtrampolines -Wformat=2 -Warray-bounds=2 -ftree-vrp -Wduplicated-cond -Wnull-dereference -fdelete-null-pointer-checks -Wshift-negative-value -Wshift-overflow=2 -Walloc-zero -Wduplicated-branches -Wformat-overflow=2 -Wformat-truncation=2 -Wimplicit-fallthrough -Wrestrict -Warith-conversion -Wdouble-promotion -Wenum-conversion -Wpragmas -Wunused-const-variable  -o CMakeFiles/cmTC_640f7.dir/CheckSymbolExists.c.o -c /home/ideapad/Desktop/AED/build/CMakeFiles/CMakeTmp/CheckSymbolExists.c
/home/ideapad/Desktop/AED/build/CMakeFiles/CMakeTmp/CheckSymbolExists.c: In function ‘main’:
/home/ideapad/Desktop/AED/build/CMakeFiles/CMakeTmp/CheckSymbolExists.c:39:19: error: ‘_fseeki64’ undeclared (first use in this function)
   39 |   return ((int*)(&_fseeki64))[argc];
      |                   ^~~~~~~~~
/home/ideapad/Desktop/AED/build/CMakeFiles/CMakeTmp/CheckSymbolExists.c:39:19: note: each undeclared identifier is reported only once for each function it appears in
/home/ideapad/Desktop/AED/build/CMakeFiles/CMakeTmp/CheckSymbolExists.c:35:14: warning: parameter ‘argc’ set but not used [-Wunused-but-set-parameter]
   35 | int main(int argc, char** argv)
      |          ~~~~^~~~
gmake[1]: *** [CMakeFiles/cmTC_640f7.dir/build.make:78: CMakeFiles/cmTC_640f7.dir/CheckSymbolExists.c.o] Error 1
gmake[1]: Leaving directory '/home/ideapad/Desktop/AED/build/CMakeFiles/CMakeTmp'
gmake: *** [Makefile:127: cmTC_640f7/fast] Error 2


File /home/ideapad/Desktop/AED/build/CMakeFiles/CMakeTmp/CheckSymbolExists.c:
/* */
#include <sys/wait.h>
#include <sys/ioctl.h>
#include <sys/param.h>
#include <sys/poll.h>
#include <sys/resource.h>
#include <sys/select.h>
#include <sys/socket.h>
#include <sys/stat.h>
#include <sys/time.h>
#include <sys/types.h>
#include <sys/un.h>
#include <sys/xattr.h>
#include <arpa/inet.h>
#include <fcntl.h>
#include <ifaddrs.h>
#include <libgen.h>
#include <locale.h>
#include <net/if.h>
#include <netdb.h>
#include <netinet/in.h>
#include <netinet/tcp.h>
#include <netinet/udp.h>
#include <poll.h>
#include <pwd.h>
#include <stdatomic.h>
#include <stdbool.h>
#include <strings.h>
#include <termio.h>
#include <termios.h>
#include <unistd.h>
#include <utime.h>
#include <stdio.h>

int main(int argc, char** argv)
{
  (void)argv;
#ifndef _fseeki64
  return ((int*)(&_fseeki64))[argc];
#else
  (void)argc;
  return 0;
#endif
}
Determining if the setmode exist failed with the following output:
Change Dir: /home/ideapad/Desktop/AED/build/CMakeFiles/CMakeTmp

Run Build Command(s):/usr/bin/gmake -f Makefile cmTC_b910f/fast && /usr/bin/gmake  -f CMakeFiles/cmTC_b910f.dir/build.make CMakeFiles/cmTC_b910f.dir/build
gmake[1]: Entering directory '/home/ideapad/Desktop/AED/build/CMakeFiles/CMakeTmp'
Building C object CMakeFiles/cmTC_b910f.dir/CheckSymbolExists.c.o
/usr/bin/cc   -W -Wall -pedantic -Wbad-function-cast -Wconversion -Winline -Wmissing-declarations -Wmissing-prototypes -Wnested-externs -Wno-long-long -Wno-multichar -Wpointer-arith -Wshadow -Wsign-compare -Wundef -Wunused -Wwrite-strings -Waddress -Wattributes -Wcast-align -Wdeclaration-after-statement -Wdiv-by-zero -Wempty-body -Wendif-labels -Wfloat-equal -Wformat-security -Wignored-qualifiers -Wmissing-field-initializers -Wmissing-noreturn -Wno-format-nonliteral -Wno-system-headers -Wold-style-definition -Wredundant-decls -Wsign-conversion -Wno-error=sign-conversion -Wstrict-prototypes -Wtype-limits -Wunreachable-code -Wunused-parameter -Wvla -Wclobbered -Wmissing-parameter-type -Wold-style-declaration -Wstrict-aliasing=3 -Wtrampolines -Wformat=2 -Warray-bounds=2 -ftree-vrp -Wduplicated-cond -Wnull-dereference -fdelete-null-pointer-checks -Wshift-negative-value -Wshift-overflow=2 -Walloc-zero -Wduplicated-branches -Wformat-overflow=2 -Wformat-truncation=2 -Wimplicit-fallthrough -Wrestrict -Warith-conversion -Wdouble-promotion -Wenum-conversion -Wpragmas -Wunused-const-variable  -o CMakeFiles/cmTC_b910f.dir/CheckSymbolExists.c.o -c /home/ideapad/Desktop/AED/build/CMakeFiles/CMakeTmp/CheckSymbolExists.c
/home/ideapad/Desktop/AED/build/CMakeFiles/CMakeTmp/CheckSymbolExists.c: In function ‘main’:
/home/ideapad/Desktop/AED/build/CMakeFiles/CMakeTmp/CheckSymbolExists.c:38:19: error: ‘setmode’ undeclared (first use in this function)
   38 |   return ((int*)(&setmode))[argc];
      |                   ^~~~~~~
/home/ideapad/Desktop/AED/build/CMakeFiles/CMakeTmp/CheckSymbolExists.c:38:19: note: each undeclared identifier is reported only once for each function it appears in
/home/ideapad/Desktop/AED/build/CMakeFiles/CMakeTmp/CheckSymbolExists.c:34:14: warning: parameter ‘argc’ set but not used [-Wunused-but-set-parameter]
   34 | int main(int argc, char** argv)
      |          ~~~~^~~~
gmake[1]: *** [CMakeFiles/cmTC_b910f.dir/build.make:78: CMakeFiles/cmTC_b910f.dir/CheckSymbolExists.c.o] Error 1
gmake[1]: Leaving directory '/home/ideapad/Desktop/AED/build/CMakeFiles/CMakeTmp'
gmake: *** [Makefile:127: cmTC_b910f/fast] Error 2


File /home/ideapad/Desktop/AED/build/CMakeFiles/CMakeTmp/CheckSymbolExists.c:
/* */
#include <sys/wait.h>
#include <sys/ioctl.h>
#include <sys/param.h>
#include <sys/poll.h>
#include <sys/resource.h>
#include <sys/select.h>
#include <sys/socket.h>
#include <sys/stat.h>
#include <sys/time.h>
#include <sys/types.h>
#include <sys/un.h>
#include <sys/xattr.h>
#include <arpa/inet.h>
#include <fcntl.h>
#include <ifaddrs.h>
#include <libgen.h>
#include <locale.h>
#include <net/if.h>
#include <netdb.h>
#include <netinet/in.h>
#include <netinet/tcp.h>
#include <netinet/udp.h>
#include <poll.h>
#include <pwd.h>
#include <stdatomic.h>
#include <stdbool.h>
#include <strings.h>
#include <termio.h>
#include <termios.h>
#include <unistd.h>
#include <utime.h>

int main(int argc, char** argv)
{
  (void)argv;
#ifndef setmode
  return ((int*)(&setmode))[argc];
#else
  (void)argc;
  return 0;
#endif
}
Determining if the function mach_absolute_time exists failed with the following output:
Change Dir: /home/ideapad/Desktop/AED/build/CMakeFiles/CMakeTmp

Run Build Command(s):/usr/bin/gmake -f Makefile cmTC_888a1/fast && /usr/bin/gmake  -f CMakeFiles/cmTC_888a1.dir/build.make CMakeFiles/cmTC_888a1.dir/build
gmake[1]: Entering directory '/home/ideapad/Desktop/AED/build/CMakeFiles/CMakeTmp'
Building C object CMakeFiles/cmTC_888a1.dir/CheckFunctionExists.c.o
/usr/bin/cc   -W -Wall -pedantic -Wbad-function-cast -Wconversion -Winline -Wmissing-declarations -Wmissing-prototypes -Wnested-externs -Wno-long-long -Wno-multichar -Wpointer-arith -Wshadow -Wsign-compare -Wundef -Wunused -Wwrite-strings -Waddress -Wattributes -Wcast-align -Wdeclaration-after-statement -Wdiv-by-zero -Wempty-body -Wendif-labels -Wfloat-equal -Wformat-security -Wignored-qualifiers -Wmissing-field-initializers -Wmissing-noreturn -Wno-format-nonliteral -Wno-system-headers -Wold-style-definition -Wredundant-decls -Wsign-conversion -Wno-error=sign-conversion -Wstrict-prototypes -Wtype-limits -Wunreachable-code -Wunused-parameter -Wvla -Wclobbered -Wmissing-parameter-type -Wold-style-declaration -Wstrict-aliasing=3 -Wtrampolines -Wformat=2 -Warray-bounds=2 -ftree-vrp -Wduplicated-cond -Wnull-dereference -fdelete-null-pointer-checks -Wshift-negative-value -Wshift-overflow=2 -Walloc-zero -Wduplicated-branches -Wformat-overflow=2 -Wformat-truncation=2 -Wimplicit-fallthrough -Wrestrict -Warith-conversion -Wdouble-promotion -Wenum-conversion -Wpragmas -Wunused-const-variable -DCHECK_FUNCTION_EXISTS=mach_absolute_time -o CMakeFiles/cmTC_888a1.dir/CheckFunctionExists.c.o -c /usr/share/cmake-3.22/Modules/CheckFunctionExists.c
Linking C executable cmTC_888a1
/usr/bin/cmake -E cmake_link_script CMakeFiles/cmTC_888a1.dir/link.txt --verbose=1
/usr/bin/cc   -W -Wall -pedantic -Wbad-function-cast -Wconversion -Winline -Wmissing-declarations -Wmissing-prototypes -Wnested-externs -Wno-long-long -Wno-multichar -Wpointer-arith -Wshadow -Wsign-compare -Wundef -Wunused -Wwrite-strings -Waddress -Wattributes -Wcast-align -Wdeclaration-after-statement -Wdiv-by-zero -Wempty-body -Wendif-labels -Wfloat-equal -Wformat-security -Wignored-qualifiers -Wmissing-field-initializers -Wmissing-noreturn -Wno-format-nonliteral -Wno-system-headers -Wold-style-definition -Wredundant-decls -Wsign-conversion -Wno-error=sign-conversion -Wstrict-prototypes -Wtype-limits -Wunreachable-code -Wunused-parameter -Wvla -Wclobbered -Wmissing-parameter-type -Wold-style-declaration -Wstrict-aliasing=3 -Wtrampolines -Wformat=2 -Warray-bounds=2 -ftree-vrp -Wduplicated-cond -Wnull-dereference -fdelete-null-pointer-checks -Wshift-negative-value -Wshift-overflow=2 -Walloc-zero -Wduplicated-branches -Wformat-overflow=2 -Wformat-truncation=2 -Wimplicit-fallthrough -Wrestrict -Warith-conversion -Wdouble-promotion -Wenum-conversion -Wpragmas -Wunused-const-variable -DCHECK_FUNCTION_EXISTS=mach_absolute_time CMakeFiles/cmTC_888a1.dir/CheckFunctionExists.c.o -o cmTC_888a1 
/usr/bin/ld: CMakeFiles/cmTC_888a1.dir/CheckFunctionExists.c.o: in function `main':
CheckFunctionExists.c:(.text+0x14): undefined reference to `mach_absolute_time'
collect2: error: ld returned 1 exit status
gmake[1]: *** [CMakeFiles/cmTC_888a1.dir/build.make:99: cmTC_888a1] Error 1
gmake[1]: Leaving directory '/home/ideapad/Desktop/AED/build/CMakeFiles/CMakeTmp'
gmake: *** [Makefile:127: cmTC_888a1/fast] Error 2



Performing Test HAVE_FSETXATTR_6 failed with the following output:
Change Dir: /home/ideapad/Desktop/AED/build/CMakeFiles/CMakeTmp

Run Build Command(s):/usr/bin/gmake -f Makefile cmTC_3b5f5/fast && /usr/bin/gmake  -f CMakeFiles/cmTC_3b5f5.dir/build.make CMakeFiles/cmTC_3b5f5.dir/build
gmake[1]: Entering directory '/home/ideapad/Desktop/AED/build/CMakeFiles/CMakeTmp'
Building C object CMakeFiles/cmTC_3b5f5.dir/CurlTests.c.o
/usr/bin/cc   -W -Wall -pedantic -Wbad-function-cast -Wconversion -Winline -Wmissing-declarations -Wmissing-prototypes -Wnested-externs -Wno-long-long -Wno-multichar -Wpointer-arith -Wshadow -Wsign-compare -Wundef -Wunused -Wwrite-strings -Waddress -Wattributes -Wcast-align -Wdeclaration-after-statement -Wdiv-by-zero -Wempty-body -Wendif-labels -Wfloat-equal -Wformat-security -Wignored-qualifiers -Wmissing-field-initializers -Wmissing-noreturn -Wno-format-nonliteral -Wno-system-headers -Wold-style-definition -Wredundant-decls -Wsign-conversion -Wno-error=sign-conversion -Wstrict-prototypes -Wtype-limits -Wunreachable-code -Wunused-parameter -Wvla -Wclobbered -Wmissing-parameter-type -Wold-style-declaration -Wstrict-aliasing=3 -Wtrampolines -Wformat=2 -Warray-bounds=2 -ftree-vrp -Wduplicated-cond -Wnull-dereference -fdelete-null-pointer-checks -Wshift-negative-value -Wshift-overflow=2 -Walloc-zero -Wduplicated-branches -Wformat-overflow=2 -Wformat-truncation=2 -Wimplicit-fallthrough -Wrestrict -Warith-conversion -Wdouble-promotion -Wenum-conversion -Wpragmas -Wunused-const-variable -DHAVE_FSETXATTR_6  -DHAVE_SYS_WAIT_H -DHAVE_SYS_IOCTL_H -DHAVE_SYS_PARAM_H -DHAVE_SYS_POLL_H -DHAVE_SYS_RESOURCE_H -DHAVE_SYS_SELECT_H -DHAVE_SYS_SOCKET_H -DHAVE_SYS_STAT_H -DHAVE_SYS_TIME_H -DHAVE_SYS_TYPES_H -DHAVE_SYS_UN_H -DHAVE_SYS_XATTR_H -DHAVE_ARPA_INET_H -DHAVE_FCNTL_H -DHAVE_IFADDRS_H -DHAVE_LIBGEN_H -DHAVE_LOCALE_H -DHAVE_NET_IF_H -DHAVE_NETDB_H -DHAVE_NETINET_IN_H -DHAVE_NETINET_TCP_H -DHAVE_NETINET_UDP_H -DHAVE_POLL_H -DHAVE_PWD_H -DHAVE_STDATOMIC_H -DHAVE_STDBOOL_H -DHAVE_STRINGS_H -DHAVE_TERMIO_H -DHAVE_TERMIOS_H -DHAVE_UNISTD_H -DHAVE_UTIME_H -o CMakeFiles/cmTC_3b5f5.dir/CurlTests.c.o -c /home/ideapad/Desktop/AED/build/_deps/curl-src/CMake/CurlTests.c
/home/ideapad/Desktop/AED/build/_deps/curl-src/CMake/CurlTests.c: In function ‘main’:
/home/ideapad/Desktop/AED/build/_deps/curl-src/CMake/CurlTests.c:356:3: error: too many arguments to function ‘fsetxattr’
  356 |   fsetxattr(0, 0, 0, 0, 0, 0);
      |   ^~~~~~~~~
In file included from /home/ideapad/Desktop/AED/build/_deps/curl-src/CMake/CurlTests.c:353:
/usr/include/x86_64-linux-gnu/sys/xattr.h:54:12: note: declared here
   54 | extern int fsetxattr (int __fd, const char *__name, const void *__value,
      |            ^~~~~~~~~
gmake[1]: *** [CMakeFiles/cmTC_3b5f5.dir/build.make:78: CMakeFiles/cmTC_3b5f5.dir/CurlTests.c.o] Error 1
gmake[1]: Leaving directory '/home/ideapad/Desktop/AED/build/CMakeFiles/CMakeTmp'
gmake: *** [Makefile:127: cmTC_3b5f5/fast] Error 2


Performing Test HAVE_IOCTLSOCKET failed with the following output:
Change Dir: /home/ideapad/Desktop/AED/build/CMakeFiles/CMakeTmp

Run Build Command(s):/usr/bin/gmake -f Makefile cmTC_062ed/fast && /usr/bin/gmake  -f CMakeFiles/cmTC_062ed.dir/build.make CMakeFiles/cmTC_062ed.dir/build
gmake[1]: Entering directory '/home/ideapad/Desktop/AED/build/CMakeFiles/CMakeTmp'
Building C object CMakeFiles/cmTC_062ed.dir/CurlTests.c.o
/usr/bin/cc   -W -Wall -pedantic -Wbad-function-cast -Wconversion -Winline -Wmissing-declarations -Wmissing-prototypes -Wnested-externs -Wno-long-long -Wno-multichar -Wpointer-arith -Wshadow -Wsign-compare -Wundef -Wunused -Wwrite-strings -Waddress -Wattributes -Wcast-align -Wdeclaration-after-statement -Wdiv-by-zero -Wempty-body -Wendif-labels -Wfloat-equal -Wformat-security -Wignored-qualifiers -Wmissing-field-initializers -Wmissing-noreturn -Wno-format-nonliteral -Wno-system-headers -Wold-style-definition -Wredundant-decls -Wsign-conversion -Wno-error=sign-conversion -Wstrict-prototypes -Wtype-limits -Wunreachable-code -Wunused-parameter -Wvla -Wclobbered -Wmissing-parameter-type -Wold-style-declaration -Wstrict-aliasing=3 -Wtrampolines -Wformat=2 -Warray-bounds=2 -ftree-vrp -Wduplicated-cond -Wnull-dereference -fdelete-null-pointer-checks -Wshift-negative-value -Wshift-overflow=2 -Walloc-zero -Wduplicated-branches -Wformat-overflow=2 -Wformat-truncation=2 -Wimplicit-fallthrough -Wrestrict -Warith-conversion -Wdouble-promotion -Wenum-conversion -Wpragmas -Wunused-const-variable -DHAVE_IOCTLSOCKET  -DHAVE_SYS_WAIT_H -DHAVE_SYS_IOCTL_H -DHAVE_SYS_PARAM_H -DHAVE_SYS_POLL_H -DHAVE_SYS_RESOURCE_H -DHAVE_SYS_SELECT_H -DHAVE_SYS_SOCKET_H -DHAVE_SYS_STAT_H -DHAVE_SYS_TIME_H -DHAVE_SYS_TYPES_H -DHAVE_SYS_UN_H -DHAVE_SYS_XATTR_H -DHAVE_ARPA_INET_H -DHAVE_FCNTL_H -DHAVE_IFADDRS_H -DHAVE_LIBGEN_H -DHAVE_LOCALE_H -DHAVE_NET_IF_H -DHAVE_NETDB_H -DHAVE_NETINET_IN_H -DHAVE_NETINET_TCP_H -DHAVE_NETINET_UDP_H -DHAVE_POLL_H -DHAVE_PWD_H -DHAVE_STDATOMIC_H -DHAVE_STDBOOL_H -DHAVE_STRINGS_H -DHAVE_TERMIO_H -DHAVE_TERMIOS_H -DHAVE_UNISTD_H -DHAVE_UTIME_H -o CMakeFiles/cmTC_062ed.dir/CurlTests.c.o -c /home/ideapad/Desktop/AED/build/_deps/curl-src/CMake/CurlTests.c
/home/ideapad/Desktop/AED/build/_deps/curl-src/CMake/CurlTests.c: In function ‘main’:
/home/ideapad/Desktop/AED/build/_deps/curl-src/CMake/CurlTests.c:177:25: warning: implicit declaration of function ‘ioctlsocket’ [-Wimplicit-function-declaration]
  177 |   unsigned long flags = ioctlsocket(socket, FIONBIO, &flags);
      |                         ^~~~~~~~~~~
/home/ideapad/Desktop/AED/build/_deps/curl-src/CMake/CurlTests.c:177:25: warning: nested extern declaration of ‘ioctlsocket’ [-Wnested-externs]
/home/ideapad/Desktop/AED/build/_deps/curl-src/CMake/CurlTests.c:177:45: error: ‘FIONBIO’ undeclared (first use in this function)
  177 |   unsigned long flags = ioctlsocket(socket, FIONBIO, &flags);
      |                                             ^~~~~~~
/home/ideapad/Desktop/AED/build/_deps/curl-src/CMake/CurlTests.c:177:45: note: each undeclared identifier is reported only once for each function it appears in
gmake[1]: *** [CMakeFiles/cmTC_062ed.dir/build.make:78: CMakeFiles/cmTC_062ed.dir/CurlTests.c.o] Error 1
gmake[1]: Leaving directory '/home/ideapad/Desktop/AED/build/CMakeFiles/CMakeTmp'
gmake: *** [Makefile:127: cmTC_062ed/fast] Error 2


Performing Test HAVE_IOCTLSOCKET_CAMEL failed with the following output:
Change Dir: /home/ideapad/Desktop/AED/build/CMakeFiles/CMakeTmp

Run Build Command(s):/usr/bin/gmake -f Makefile cmTC_7b22e/fast && /usr/bin/gmake  -f CMakeFiles/cmTC_7b22e.dir/build.make CMakeFiles/cmTC_7b22e.dir/build
gmake[1]: Entering directory '/home/ideapad/Desktop/AED/build/CMakeFiles/CMakeTmp'
Building C object CMakeFiles/cmTC_7b22e.dir/CurlTests.c.o
/usr/bin/cc   -W -Wall -pedantic -Wbad-function-cast -Wconversion -Winline -Wmissing-declarations -Wmissing-prototypes -Wnested-externs -Wno-long-long -Wno-multichar -Wpointer-arith -Wshadow -Wsign-compare -Wundef -Wunused -Wwrite-strings -Waddress -Wattributes -Wcast-align -Wdeclaration-after-statement -Wdiv-by-zero -Wempty-body -Wendif-labels -Wfloat-equal -Wformat-security -Wignored-qualifiers -Wmissing-field-initializers -Wmissing-noreturn -Wno-format-nonliteral -Wno-system-headers -Wold-style-definition -Wredundant-decls -Wsign-conversion -Wno-error=sign-conversion -Wstrict-prototypes -Wtype-limits -Wunreachable-code -Wunused-parameter -Wvla -Wclobbered -Wmissing-parameter-type -Wold-style-declaration -Wstrict-aliasing=3 -Wtrampolines -Wformat=2 -Warray-bounds=2 -ftree-vrp -Wduplicated-cond -Wnull-dereference -fdelete-null-pointer-checks -Wshift-negative-value -Wshift-overflow=2 -Walloc-zero -Wduplicated-branches -Wformat-overflow=2 -Wformat-truncation=2 -Wimplicit-fallthrough -Wrestrict -Warith-conversion -Wdouble-promotion -Wenum-conversion -Wpragmas -Wunused-const-variable -DHAVE_IOCTLSOCKET_CAMEL  -DHAVE_SYS_WAIT_H -DHAVE_SYS_IOCTL_H -DHAVE_SYS_PARAM_H -DHAVE_SYS_POLL_H -DHAVE_SYS_RESOURCE_H -DHAVE_SYS_SELECT_H -DHAVE_SYS_SOCKET_H -DHAVE_SYS_STAT_H -DHAVE_SYS_TIME_H -DHAVE_SYS_TYPES_H -DHAVE_SYS_UN_H -DHAVE_SYS_XATTR_H -DHAVE_ARPA_INET_H -DHAVE_FCNTL_H -DHAVE_IFADDRS_H -DHAVE_LIBGEN_H -DHAVE_LOCALE_H -DHAVE_NET_IF_H -DHAVE_NETDB_H -DHAVE_NETINET_IN_H -DHAVE_NETINET_TCP_H -DHAVE_NETINET_UDP_H -DHAVE_POLL_H -DHAVE_PWD_H -DHAVE_STDATOMIC_H -DHAVE_STDBOOL_H -DHAVE_STRINGS_H -DHAVE_TERMIO_H -DHAVE_TERMIOS_H -DHAVE_UNISTD_H -DHAVE_UTIME_H -o CMakeFiles/cmTC_7b22e.dir/CurlTests.c.o -c /home/ideapad/Desktop/AED/build/_deps/curl-src/CMake/CurlTests.c
/home/ideapad/Desktop/AED/build/_deps/curl-src/CMake/CurlTests.c: In function ‘main’:
/home/ideapad/Desktop/AED/build/_deps/curl-src/CMake/CurlTests.c:195:11: warning: implicit declaration of function ‘IoctlSocket’ [-Wimplicit-function-declaration]
  195 |   if(0 != IoctlSocket(0, 0, 0))
      |           ^~~~~~~~~~~
/home/ideapad/Desktop/AED/build/_deps/curl-src/CMake/CurlTests.c:195:11: warning: nested extern declaration of ‘IoctlSocket’ [-Wnested-externs]
Linking C executable cmTC_7b22e
/usr/bin/cmake -E cmake_link_script CMakeFiles/cmTC_7b22e.dir/link.txt --verbose=1
/usr/bin/cc   -W -Wall -pedantic -Wbad-function-cast -Wconversion -Winline -Wmissing-declarations -Wmissing-prototypes -Wnested-externs -Wno-long-long -Wno-multichar -Wpointer-arith -Wshadow -Wsign-compare -Wundef -Wunused -Wwrite-strings -Waddress -Wattributes -Wcast-align -Wdeclaration-after-statement -Wdiv-by-zero -Wempty-body -Wendif-labels -Wfloat-equal -Wformat-security -Wignored-qualifiers -Wmissing-field-initializers -Wmissing-noreturn -Wno-format-nonliteral -Wno-system-headers -Wold-style-definition -Wredundant-decls -Wsign-conversion -Wno-error=sign-conversion -Wstrict-prototypes -Wtype-limits -Wunreachable-code -Wunused-parameter -Wvla -Wclobbered -Wmissing-parameter-type -Wold-style-declaration -Wstrict-aliasing=3 -Wtrampolines -Wformat=2 -Warray-bounds=2 -ftree-vrp -Wduplicated-cond -Wnull-dereference -fdelete-null-pointer-checks -Wshift-negative-value -Wshift-overflow=2 -Walloc-zero -Wduplicated-branches -Wformat-overflow=2 -Wformat-truncation=2 -Wimplicit-fallthrough -Wrestrict -Warith-conversion -Wdouble-promotion -Wenum-conversion -Wpragmas -Wunused-const-variable -DHAVE_IOCTLSOCKET_CAMEL  -DHAVE_SYS_WAIT_H -DHAVE_SYS_IOCTL_H -DHAVE_SYS_PARAM_H -DHAVE_SYS_POLL_H -DHAVE_SYS_RESOURCE_H -DHAVE_SYS_SELECT_H -DHAVE_SYS_SOCKET_H -DHAVE_SYS_STAT_H -DHAVE_SYS_TIME_H -DHAVE_SYS_TYPES_H -DHAVE_SYS_UN_H -DHAVE_SYS_XATTR_H -DHAVE_ARPA_INET_H -DHAVE_FCNTL_H -DHAVE_IFADDRS_H -DHAVE_LIBGEN_H -DHAVE_LOCALE_H -DHAVE_NET_IF_H -DHAVE_NETDB_H -DHAVE_NETINET_IN_H -DHAVE_NETINET_TCP_H -DHAVE_NETINET_UDP_H -DHAVE_POLL_H -DHAVE_PWD_H -DHAVE_STDATOMIC_H -DHAVE_STDBOOL_H -DHAVE_STRINGS_H -DHAVE_TERMIO_H -DHAVE_TERMIOS_H -DHAVE_UNISTD_H -DHAVE_UTIME_H CMakeFiles/cmTC_7b22e.dir/CurlTests.c.o -o cmTC_7b22e 
/usr/bin/ld: CMakeFiles/cmTC_7b22e.dir/CurlTests.c.o: in function `main':
CurlTests.c:(.text+0x1d): undefined reference to `IoctlSocket'
collect2: error: ld returned 1 exit status
gmake[1]: *** [CMakeFiles/cmTC_7b22e.dir/build.make:99: cmTC_7b22e] Error 1
gmake[1]: Leaving directory '/home/ideapad/Desktop/AED/build/CMakeFiles/CMakeTmp'
gmake: *** [Makefile:127: cmTC_7b22e/fast] Error 2


Performing Test HAVE_IOCTLSOCKET_CAMEL_FIONBIO failed with the following output:
Change Dir: /home/ideapad/Desktop/AED/build/CMakeFiles/CMakeTmp

Run Build Command(s):/usr/bin/gmake -f Makefile cmTC_f434a/fast && /usr/bin/gmake  -f CMakeFiles/cmTC_f434a.dir/build.make CMakeFiles/cmTC_f434a.dir/build
gmake[1]: Entering directory '/home/ideapad/Desktop/AED/build/CMakeFiles/CMakeTmp'
Building C object CMakeFiles/cmTC_f434a.dir/CurlTests.c.o
/usr/bin/cc   -W -Wall -pedantic -Wbad-function-cast -Wconversion -Winline -Wmissing-declarations -Wmissing-prototypes -Wnested-externs -Wno-long-long -Wno-multichar -Wpointer-arith -Wshadow -Wsign-compare -Wundef -Wunused -Wwrite-strings -Waddress -Wattributes -Wcast-align -Wdeclaration-after-statement -Wdiv-by-zero -Wempty-body -Wendif-labels -Wfloat-equal -Wformat-security -Wignored-qualifiers -Wmissing-field-initializers -Wmissing-noreturn -Wno-format-nonliteral -Wno-system-headers -Wold-style-definition -Wredundant-decls -Wsign-conversion -Wno-error=sign-conversion -Wstrict-prototypes -Wtype-limits -Wunreachable-code -Wunused-parameter -Wvla -Wclobbered -Wmissing-parameter-type -Wold-style-declaration -Wstrict-aliasing=3 -Wtrampolines -Wformat=2 -Warray-bounds=2 -ftree-vrp -Wduplicated-cond -Wnull-dereference -fdelete-null-pointer-checks -Wshift-negative-value -Wshift-overflow=2 -Walloc-zero -Wduplicated-branches -Wformat-overflow=2 -Wformat-truncation=2 -Wimplicit-fallthrough -Wrestrict -Warith-conversion -Wdouble-promotion -Wenum-conversion -Wpragmas -Wunused-const-variable -DHAVE_IOCTLSOCKET_CAMEL_FIONBIO  -DHAVE_SYS_WAIT_H -DHAVE_SYS_IOCTL_H -DHAVE_SYS_PARAM_H -DHAVE_SYS_POLL_H -DHAVE_SYS_RESOURCE_H -DHAVE_SYS_SELECT_H -DHAVE_SYS_SOCKET_H -DHAVE_SYS_STAT_H -DHAVE_SYS_TIME_H -DHAVE_SYS_TYPES_H -DHAVE_SYS_UN_H -DHAVE_SYS_XATTR_H -DHAVE_ARPA_INET_H -DHAVE_FCNTL_H -DHAVE_IFADDRS_H -DHAVE_LIBGEN_H -DHAVE_LOCALE_H -DHAVE_NET_IF_H -DHAVE_NETDB_H -DHAVE_NETINET_IN_H -DHAVE_NETINET_TCP_H -DHAVE_NETINET_UDP_H -DHAVE_POLL_H -DHAVE_PWD_H -DHAVE_STDATOMIC_H -DHAVE_STDBOOL_H -DHAVE_STRINGS_H -DHAVE_TERMIO_H -DHAVE_TERMIOS_H -DHAVE_UNISTD_H -DHAVE_UTIME_H -o CMakeFiles/cmTC_f434a.dir/CurlTests.c.o -c /home/ideapad/Desktop/AED/build/_deps/curl-src/CMake/CurlTests.c
/home/ideapad/Desktop/AED/build/_deps/curl-src/CMake/CurlTests.c: In function ‘main’:
/home/ideapad/Desktop/AED/build/_deps/curl-src/CMake/CurlTests.c:214:11: warning: implicit declaration of function ‘IoctlSocket’ [-Wimplicit-function-declaration]
  214 |   if(0 != IoctlSocket(0, FIONBIO, &flags))
      |           ^~~~~~~~~~~
/home/ideapad/Desktop/AED/build/_deps/curl-src/CMake/CurlTests.c:214:11: warning: nested extern declaration of ‘IoctlSocket’ [-Wnested-externs]
/home/ideapad/Desktop/AED/build/_deps/curl-src/CMake/CurlTests.c:214:26: error: ‘FIONBIO’ undeclared (first use in this function)
  214 |   if(0 != IoctlSocket(0, FIONBIO, &flags))
      |                          ^~~~~~~
/home/ideapad/Desktop/AED/build/_deps/curl-src/CMake/CurlTests.c:214:26: note: each undeclared identifier is reported only once for each function it appears in
gmake[1]: *** [CMakeFiles/cmTC_f434a.dir/build.make:78: CMakeFiles/cmTC_f434a.dir/CurlTests.c.o] Error 1
gmake[1]: Leaving directory '/home/ideapad/Desktop/AED/build/CMakeFiles/CMakeTmp'
gmake: *** [Makefile:127: cmTC_f434a/fast] Error 2


Performing Test HAVE_IOCTLSOCKET_FIONBIO failed with the following output:
Change Dir: /home/ideapad/Desktop/AED/build/CMakeFiles/CMakeTmp

Run Build Command(s):/usr/bin/gmake -f Makefile cmTC_bf8c3/fast && /usr/bin/gmake  -f CMakeFiles/cmTC_bf8c3.dir/build.make CMakeFiles/cmTC_bf8c3.dir/build
gmake[1]: Entering directory '/home/ideapad/Desktop/AED/build/CMakeFiles/CMakeTmp'
Building C object CMakeFiles/cmTC_bf8c3.dir/CurlTests.c.o
/usr/bin/cc   -W -Wall -pedantic -Wbad-function-cast -Wconversion -Winline -Wmissing-declarations -Wmissing-prototypes -Wnested-externs -Wno-long-long -Wno-multichar -Wpointer-arith -Wshadow -Wsign-compare -Wundef -Wunused -Wwrite-strings -Waddress -Wattributes -Wcast-align -Wdeclaration-after-statement -Wdiv-by-zero -Wempty-body -Wendif-labels -Wfloat-equal -Wformat-security -Wignored-qualifiers -Wmissing-field-initializers -Wmissing-noreturn -Wno-format-nonliteral -Wno-system-headers -Wold-style-definition -Wredundant-decls -Wsign-conversion -Wno-error=sign-conversion -Wstrict-prototypes -Wtype-limits -Wunreachable-code -Wunused-parameter -Wvla -Wclobbered -Wmissing-parameter-type -Wold-style-declaration -Wstrict-aliasing=3 -Wtrampolines -Wformat=2 -Warray-bounds=2 -ftree-vrp -Wduplicated-cond -Wnull-dereference -fdelete-null-pointer-checks -Wshift-negative-value -Wshift-overflow=2 -Walloc-zero -Wduplicated-branches -Wformat-overflow=2 -Wformat-truncation=2 -Wimplicit-fallthrough -Wrestrict -Warith-conversion -Wdouble-promotion -Wenum-conversion -Wpragmas -Wunused-const-variable -DHAVE_IOCTLSOCKET_FIONBIO  -DHAVE_SYS_WAIT_H -DHAVE_SYS_IOCTL_H -DHAVE_SYS_PARAM_H -DHAVE_SYS_POLL_H -DHAVE_SYS_RESOURCE_H -DHAVE_SYS_SELECT_H -DHAVE_SYS_SOCKET_H -DHAVE_SYS_STAT_H -DHAVE_SYS_TIME_H -DHAVE_SYS_TYPES_H -DHAVE_SYS_UN_H -DHAVE_SYS_XATTR_H -DHAVE_ARPA_INET_H -DHAVE_FCNTL_H -DHAVE_IFADDRS_H -DHAVE_LIBGEN_H -DHAVE_LOCALE_H -DHAVE_NET_IF_H -DHAVE_NETDB_H -DHAVE_NETINET_IN_H -DHAVE_NETINET_TCP_H -DHAVE_NETINET_UDP_H -DHAVE_POLL_H -DHAVE_PWD_H -DHAVE_STDATOMIC_H -DHAVE_STDBOOL_H -DHAVE_STRINGS_H -DHAVE_TERMIO_H -DHAVE_TERMIOS_H -DHAVE_UNISTD_H -DHAVE_UTIME_H -o CMakeFiles/cmTC_bf8c3.dir/CurlTests.c.o -c /home/ideapad/Desktop/AED/build/_deps/curl-src/CMake/CurlTests.c
/home/ideapad/Desktop/AED/build/_deps/curl-src/CMake/CurlTests.c: In function ‘main’:
/home/ideapad/Desktop/AED/build/_deps/curl-src/CMake/CurlTests.c:232:11: warning: implicit declaration of function ‘ioctlsocket’ [-Wimplicit-function-declaration]
  232 |   if(0 != ioctlsocket(0, FIONBIO, &flags))
      |           ^~~~~~~~~~~
/home/ideapad/Desktop/AED/build/_deps/curl-src/CMake/CurlTests.c:232:11: warning: nested extern declaration of ‘ioctlsocket’ [-Wnested-externs]
/home/ideapad/Desktop/AED/build/_deps/curl-src/CMake/CurlTests.c:232:26: error: ‘FIONBIO’ undeclared (first use in this function)
  232 |   if(0 != ioctlsocket(0, FIONBIO, &flags))
      |                          ^~~~~~~
/home/ideapad/Desktop/AED/build/_deps/curl-src/CMake/CurlTests.c:232:26: note: each undeclared identifier is reported only once for each function it appears in
gmake[1]: *** [CMakeFiles/cmTC_bf8c3.dir/build.make:78: CMakeFiles/cmTC_bf8c3.dir/CurlTests.c.o] Error 1
gmake[1]: Leaving directory '/home/ideapad/Desktop/AED/build/CMakeFiles/CMakeTmp'
gmake: *** [Makefile:127: cmTC_bf8c3/fast] Error 2


Performing Test HAVE_SETSOCKOPT_SO_NONBLOCK failed with the following output:
Change Dir: /home/ideapad/Desktop/AED/build/CMakeFiles/CMakeTmp

Run Build Command(s):/usr/bin/gmake -f Makefile cmTC_ba389/fast && /usr/bin/gmake  -f CMakeFiles/cmTC_ba389.dir/build.make CMakeFiles/cmTC_ba389.dir/build
gmake[1]: Entering directory '/home/ideapad/Desktop/AED/build/CMakeFiles/CMakeTmp'
Building C object CMakeFiles/cmTC_ba389.dir/CurlTests.c.o
/usr/bin/cc   -W -Wall -pedantic -Wbad-function-cast -Wconversion -Winline -Wmissing-declarations -Wmissing-prototypes -Wnested-externs -Wno-long-long -Wno-multichar -Wpointer-arith -Wshadow -Wsign-compare -Wundef -Wunused -Wwrite-strings -Waddress -Wattributes -Wcast-align -Wdeclaration-after-statement -Wdiv-by-zero -Wempty-body -Wendif-labels -Wfloat-equal -Wformat-security -Wignored-qualifiers -Wmissing-field-initializers -Wmissing-noreturn -Wno-format-nonliteral -Wno-system-headers -Wold-style-definition -Wredundant-decls -Wsign-conversion -Wno-error=sign-conversion -Wstrict-prototypes -Wtype-limits -Wunreachable-code -Wunused-parameter -Wvla -Wclobbered -Wmissing-parameter-type -Wold-style-declaration -Wstrict-aliasing=3 -Wtrampolines -Wformat=2 -Warray-bounds=2 -ftree-vrp -Wduplicated-cond -Wnull-dereference -fdelete-null-pointer-checks -Wshift-negative-value -Wshift-overflow=2 -Walloc-zero -Wduplicated-branches -Wformat-overflow=2 -Wformat-truncation=2 -Wimplicit-fallthrough -Wrestrict -Warith-conversion -Wdouble-promotion -Wenum-conversion -Wpragmas -Wunused-const-variable -DHAVE_SETSOCKOPT_SO_NONBLOCK  -DHAVE_SYS_WAIT_H -DHAVE_SYS_IOCTL_H -DHAVE_SYS_PARAM_H -DHAVE_SYS_POLL_H -DHAVE_SYS_RESOURCE_H -DHAVE_SYS_SELECT_H -DHAVE_SYS_SOCKET_H -DHAVE_SYS_STAT_H -DHAVE_SYS_TIME_H -DHAVE_SYS_TYPES_H -DHAVE_SYS_UN_H -DHAVE_SYS_XATTR_H -DHAVE_ARPA_INET_H -DHAVE_FCNTL_H -DHAVE_IFADDRS_H -DHAVE_LIBGEN_H -DHAVE_LOCALE_H -DHAVE_NET_IF_H -DHAVE_NETDB_H -DHAVE_NETINET_IN_H -DHAVE_NETINET_TCP_H -DHAVE_NETINET_UDP_H -DHAVE_POLL_H -DHAVE_PWD_H -DHAVE_STDATOMIC_H -DHAVE_STDBOOL_H -DHAVE_STRINGS_H -DHAVE_TERMIO_H -DHAVE_TERMIOS_H -DHAVE_UNISTD_H -DHAVE_UTIME_H -o CMakeFiles/cmTC_ba389.dir/CurlTests.c.o -c /home/ideapad/Desktop/AED/build/_deps/curl-src/CMake/CurlTests.c
/home/ideapad/Desktop/AED/build/_deps/curl-src/CMake/CurlTests.c: In function ‘main’:
/home/ideapad/Desktop/AED/build/_deps/curl-src/CMake/CurlTests.c:314:37: error: ‘SO_NONBLOCK’ undeclared (first use in this function); did you mean ‘SOCK_NONBLOCK’?
  314 |   if(0 != setsockopt(0, SOL_SOCKET, SO_NONBLOCK, 0, 0))
      |                                     ^~~~~~~~~~~
      |                                     SOCK_NONBLOCK
/home/ideapad/Desktop/AED/build/_deps/curl-src/CMake/CurlTests.c:314:37: note: each undeclared identifier is reported only once for each function it appears in
gmake[1]: *** [CMakeFiles/cmTC_ba389.dir/build.make:78: CMakeFiles/cmTC_ba389.dir/CurlTests.c.o] Error 1
gmake[1]: Leaving directory '/home/ideapad/Desktop/AED/build/CMakeFiles/CMakeTmp'
gmake: *** [Makefile:127: cmTC_ba389/fast] Error 2


Performing Test HAVE_O_NONBLOCK failed with the following output:
Change Dir: /home/ideapad/Desktop/AED/build/CMakeFiles/CMakeTmp

Run Build Command(s):/usr/bin/gmake -f Makefile cmTC_1d754/fast && /usr/bin/gmake  -f CMakeFiles/cmTC_1d754.dir/build.make CMakeFiles/cmTC_1d754.dir/build
gmake[1]: Entering directory '/home/ideapad/Desktop/AED/build/CMakeFiles/CMakeTmp'
Building C object CMakeFiles/cmTC_1d754.dir/CurlTests.c.o
/usr/bin/cc   -W -Wall -pedantic -Wbad-function-cast -Wconversion -Winline -Wmissing-declarations -Wmissing-prototypes -Wnested-externs -Wno-long-long -Wno-multichar -Wpointer-arith -Wshadow -Wsign-compare -Wundef -Wunused -Wwrite-strings -Waddress -Wattributes -Wcast-align -Wdeclaration-after-statement -Wdiv-by-zero -Wempty-body -Wendif-labels -Wfloat-equal -Wformat-security -Wignored-qualifiers -Wmissing-field-initializers -Wmissing-noreturn -Wno-format-nonliteral -Wno-system-headers -Wold-style-definition -Wredundant-decls -Wsign-conversion -Wno-error=sign-conversion -Wstrict-prototypes -Wtype-limits -Wunreachable-code -Wunused-parameter -Wvla -Wclobbered -Wmissing-parameter-type -Wold-style-declaration -Wstrict-aliasing=3 -Wtrampolines -Wformat=2 -Warray-bounds=2 -ftree-vrp -Wduplicated-cond -Wnull-dereference -fdelete-null-pointer-checks -Wshift-negative-value -Wshift-overflow=2 -Walloc-zero -Wduplicated-branches -Wformat-overflow=2 -Wformat-truncation=2 -Wimplicit-fallthrough -Wrestrict -Warith-conversion -Wdouble-promotion -Wenum-conversion -Wpragmas -Wunused-const-variable -DHAVE_O_NONBLOCK  -DHAVE_SYS_WAIT_H -DHAVE_SYS_IOCTL_H -DHAVE_SYS_PARAM_H -DHAVE_SYS_POLL_H -DHAVE_SYS_RESOURCE_H -DHAVE_SYS_SELECT_H -DHAVE_SYS_SOCKET_H -DHAVE_SYS_STAT_H -DHAVE_SYS_TIME_H -DHAVE_SYS_TYPES_H -DHAVE_SYS_UN_H -DHAVE_SYS_XATTR_H -DHAVE_ARPA_INET_H -DHAVE_FCNTL_H -DHAVE_IFADDRS_H -DHAVE_LIBGEN_H -DHAVE_LOCALE_H -DHAVE_NET_IF_H -DHAVE_NETDB_H -DHAVE_NETINET_IN_H -DHAVE_NETINET_TCP_H -DHAVE_NETINET_UDP_H -DHAVE_POLL_H -DHAVE_PWD_H -DHAVE_STDATOMIC_H -DHAVE_STDBOOL_H -DHAVE_STRINGS_H -DHAVE_TERMIO_H -DHAVE_TERMIOS_H -DHAVE_UNISTD_H -DHAVE_UTIME_H -o CMakeFiles/cmTC_1d754.dir/CurlTests.c.o -c /home/ideapad/Desktop/AED/build/_deps/curl-src/CMake/CurlTests.c
/home/ideapad/Desktop/AED/build/_deps/curl-src/CMake/CurlTests.c:431: warning: ISO C forbids an empty translation unit [-Wpedantic]
Linking C executable cmTC_1d754
/usr/bin/cmake -E cmake_link_script CMakeFiles/cmTC_1d754.dir/link.txt --verbose=1
/usr/bin/cc   -W -Wall -pedantic -Wbad-function-cast -Wconversion -Winline -Wmissing-declarations -Wmissing-prototypes -Wnested-externs -Wno-long-long -Wno-multichar -Wpointer-arith -Wshadow -Wsign-compare -Wundef -Wunused -Wwrite-strings -Waddress -Wattributes -Wcast-align -Wdeclaration-after-statement -Wdiv-by-zero -Wempty-body -Wendif-labels -Wfloat-equal -Wformat-security -Wignored-qualifiers -Wmissing-field-initializers -Wmissing-noreturn -Wno-format-nonliteral -Wno-system-headers -Wold-style-definition -Wredundant-decls -Wsign-conversion -Wno-error=sign-conversion -Wstrict-prototypes -Wtype-limits -Wunreachable-code -Wunused-parameter -Wvla -Wclobbered -Wmissing-parameter-type -Wold-style-declaration -Wstrict-aliasing=3 -Wtrampolines -Wformat=2 -Warray-bounds=2 -ftree-vrp -Wduplicated-cond -Wnull-dereference -fdelete-null-pointer-checks -Wshift-negative-value -Wshift-overflow=2 -Walloc-zero -Wduplicated-branches -Wformat-overflow=2 -Wformat-truncation=2 -Wimplicit-fallthrough -Wrestrict -Warith-conversion -Wdouble-promotion -Wenum-conversion -Wpragmas -Wunused-const-variable -DHAVE_O_NONBLOCK  -DHAVE_SYS_WAIT_H -DHAVE_SYS_IOCTL_H -DHAVE_SYS_PARAM_H -DHAVE_SYS_POLL_H -DHAVE_SYS_RESOURCE_H -DHAVE_SYS_SELECT_H -DHAVE_SYS_SOCKET_H -DHAVE_SYS_STAT_H -DHAVE_SYS_TIME_H -DHAVE_SYS_TYPES_H -DHAVE_SYS_UN_H -DHAVE_SYS_XATTR_H -DHAVE_ARPA_INET_H -DHAVE_FCNTL_H -DHAVE_IFADDRS_H -DHAVE_LIBGEN_H -DHAVE_LOCALE_H -DHAVE_NET_IF_H -DHAVE_NETDB_H -DHAVE_NETINET_IN_H -DHAVE_NETINET_TCP_H -DHAVE_NETINET_UDP_H -DHAVE_POLL_H -DHAVE_PWD_H -DHAVE_STDATOMIC_H -DHAVE_STDBOOL_H -DHAVE_STRINGS_H -DHAVE_TERMIO_H -DHAVE_TERMIOS_H -DHAVE_UNISTD_H -DHAVE_UTIME_H CMakeFiles/cmTC_1d754.dir/CurlTests.c.o -o cmTC_1d754 
/usr/bin/ld: /usr/lib/gcc/x86_64-linux-gnu/11/../../../x86_64-linux-gnu/Scrt1.o: in function `_start':
(.text+0x1b): undefined reference to `main'
collect2: error: ld returned 1 exit status
gmake[1]: *** [CMakeFiles/cmTC_1d754.dir/build.make:99: cmTC_1d754] Error 1
gmake[1]: Leaving directory '/home/ideapad/Desktop/AED/build/CMakeFiles/CMakeTmp'
gmake: *** [Makefile:127: cmTC_1d754/fast] Error 2


Performing Test HAVE_GETHOSTBYNAME_R_3 failed with the following output:
Change Dir: /home/ideapad/Desktop/AED/build/CMakeFiles/CMakeTmp

Run Build Command(s):/usr/bin/gmake -f Makefile cmTC_6aa5a/fast && /usr/bin/gmake  -f CMakeFiles/cmTC_6aa5a.dir/build.make CMakeFiles/cmTC_6aa5a.dir/build
gmake[1]: Entering directory '/home/ideapad/Desktop/AED/build/CMakeFiles/CMakeTmp'
Building C object CMakeFiles/cmTC_6aa5a.dir/CurlTests.c.o
/usr/bin/cc   -W -Wall -pedantic -Wbad-function-cast -Wconversion -Winline -Wmissing-declarations -Wmissing-prototypes -Wnested-externs -Wno-long-long -Wno-multichar -Wpointer-arith -Wshadow -Wsign-compare -Wundef -Wunused -Wwrite-strings -Waddress -Wattributes -Wcast-align -Wdeclaration-after-statement -Wdiv-by-zero -Wempty-body -Wendif-labels -Wfloat-equal -Wformat-security -Wignored-qualifiers -Wmissing-field-initializers -Wmissing-noreturn -Wno-format-nonliteral -Wno-system-headers -Wold-style-definition -Wredundant-decls -Wsign-conversion -Wno-error=sign-conversion -Wstrict-prototypes -Wtype-limits -Wunreachable-code -Wunused-parameter -Wvla -Wclobbered -Wmissing-parameter-type -Wold-style-declaration -Wstrict-aliasing=3 -Wtrampolines -Wformat=2 -Warray-bounds=2 -ftree-vrp -Wduplicated-cond -Wnull-dereference -fdelete-null-pointer-checks -Wshift-negative-value -Wshift-overflow=2 -Walloc-zero -Wduplicated-branches -Wformat-overflow=2 -Wformat-truncation=2 -Wimplicit-fallthrough -Wrestrict -Warith-conversion -Wdouble-promotion -Wenum-conversion -Wpragmas -Wunused-const-variable -DHAVE_GETHOSTBYNAME_R_3  -DHAVE_SYS_WAIT_H -DHAVE_SYS_IOCTL_H -DHAVE_SYS_PARAM_H -DHAVE_SYS_POLL_H -DHAVE_SYS_RESOURCE_H -DHAVE_SYS_SELECT_H -DHAVE_SYS_SOCKET_H -DHAVE_SYS_STAT_H -DHAVE_SYS_TIME_H -DHAVE_SYS_TYPES_H -DHAVE_SYS_UN_H -DHAVE_SYS_XATTR_H -DHAVE_ARPA_INET_H -DHAVE_FCNTL_H -DHAVE_IFADDRS_H -DHAVE_LIBGEN_H -DHAVE_LOCALE_H -DHAVE_NET_IF_H -DHAVE_NETDB_H -DHAVE_NETINET_IN_H -DHAVE_NETINET_TCP_H -DHAVE_NETINET_UDP_H -DHAVE_POLL_H -DHAVE_PWD_H -DHAVE_STDATOMIC_H -DHAVE_STDBOOL_H -DHAVE_STRINGS_H -DHAVE_TERMIO_H -DHAVE_TERMIOS_H -DHAVE_UNISTD_H -DHAVE_UTIME_H -o CMakeFiles/cmTC_6aa5a.dir/CurlTests.c.o -c /home/ideapad/Desktop/AED/build/_deps/curl-src/CMake/CurlTests.c
/home/ideapad/Desktop/AED/build/_deps/curl-src/CMake/CurlTests.c: In function ‘main’:
/home/ideapad/Desktop/AED/build/_deps/curl-src/CMake/CurlTests.c:73:19: warning: initialization discards ‘const’ qualifier from pointer target type [-Wdiscarded-qualifiers]
   73 |   char *address = "example.com";
      |                   ^~~~~~~~~~~~~
/home/ideapad/Desktop/AED/build/_deps/curl-src/CMake/CurlTests.c:80:23: error: storage size of ‘hdata’ isn’t known
   80 |   struct hostent_data hdata;
      |                       ^~~~~
/home/ideapad/Desktop/AED/build/_deps/curl-src/CMake/CurlTests.c:92:8: error: too few arguments to function ‘gethostbyname_r’
   92 |   rc = gethostbyname_r(address, &h, &hdata);
      |        ^~~~~~~~~~~~~~~
In file included from /home/ideapad/Desktop/AED/build/_deps/curl-src/CMake/CurlTests.c:70:
/usr/include/netdb.h:177:12: note: declared here
  177 | extern int gethostbyname_r (const char *__restrict __name,
      |            ^~~~~~~~~~~~~~~
/home/ideapad/Desktop/AED/build/_deps/curl-src/CMake/CurlTests.c:80:23: warning: unused variable ‘hdata’ [-Wunused-variable]
   80 |   struct hostent_data hdata;
      |                       ^~~~~
gmake[1]: *** [CMakeFiles/cmTC_6aa5a.dir/build.make:78: CMakeFiles/cmTC_6aa5a.dir/CurlTests.c.o] Error 1
gmake[1]: Leaving directory '/home/ideapad/Desktop/AED/build/CMakeFiles/CMakeTmp'
gmake: *** [Makefile:127: cmTC_6aa5a/fast] Error 2


Performing Test HAVE_GETHOSTBYNAME_R_5 failed with the following output:
Change Dir: /home/ideapad/Desktop/AED/build/CMakeFiles/CMakeTmp

Run Build Command(s):/usr/bin/gmake -f Makefile cmTC_28211/fast && /usr/bin/gmake  -f CMakeFiles/cmTC_28211.dir/build.make CMakeFiles/cmTC_28211.dir/build
gmake[1]: Entering directory '/home/ideapad/Desktop/AED/build/CMakeFiles/CMakeTmp'
Building C object CMakeFiles/cmTC_28211.dir/CurlTests.c.o
/usr/bin/cc   -W -Wall -pedantic -Wbad-function-cast -Wconversion -Winline -Wmissing-declarations -Wmissing-prototypes -Wnested-externs -Wno-long-long -Wno-multichar -Wpointer-arith -Wshadow -Wsign-compare -Wundef -Wunused -Wwrite-strings -Waddress -Wattributes -Wcast-align -Wdeclaration-after-statement -Wdiv-by-zero -Wempty-body -Wendif-labels -Wfloat-equal -Wformat-security -Wignored-qualifiers -Wmissing-field-initializers -Wmissing-noreturn -Wno-format-nonliteral -Wno-system-headers -Wold-style-definition -Wredundant-decls -Wsign-conversion -Wno-error=sign-conversion -Wstrict-prototypes -Wtype-limits -Wunreachable-code -Wunused-parameter -Wvla -Wclobbered -Wmissing-parameter-type -Wold-style-declaration -Wstrict-aliasing=3 -Wtrampolines -Wformat=2 -Warray-bounds=2 -ftree-vrp -Wduplicated-cond -Wnull-dereference -fdelete-null-pointer-checks -Wshift-negative-value -Wshift-overflow=2 -Walloc-zero -Wduplicated-branches -Wformat-overflow=2 -Wformat-truncation=2 -Wimplicit-fallthrough -Wrestrict -Warith-conversion -Wdouble-promotion -Wenum-conversion -Wpragmas -Wunused-const-variable -DHAVE_GETHOSTBYNAME_R_5  -DHAVE_SYS_WAIT_H -DHAVE_SYS_IOCTL_H -DHAVE_SYS_PARAM_H -DHAVE_SYS_POLL_H -DHAVE_SYS_RESOURCE_H -DHAVE_SYS_SELECT_H -DHAVE_SYS_SOCKET_H -DHAVE_SYS_STAT_H -DHAVE_SYS_TIME_H -DHAVE_SYS_TYPES_H -DHAVE_SYS_UN_H -DHAVE_SYS_XATTR_H -DHAVE_ARPA_INET_H -DHAVE_FCNTL_H -DHAVE_IFADDRS_H -DHAVE_LIBGEN_H -DHAVE_LOCALE_H -DHAVE_NET_IF_H -DHAVE_NETDB_H -DHAVE_NETINET_IN_H -DHAVE_NETINET_TCP_H -DHAVE_NETINET_UDP_H -DHAVE_POLL_H -DHAVE_PWD_H -DHAVE_STDATOMIC_H -DHAVE_STDBOOL_H -DHAVE_STRINGS_H -DHAVE_TERMIO_H -DHAVE_TERMIOS_H -DHAVE_UNISTD_H -DHAVE_UTIME_H -o CMakeFiles/cmTC_28211.dir/CurlTests.c.o -c /home/ideapad/Desktop/AED/build/_deps/curl-src/CMake/CurlTests.c
/home/ideapad/Desktop/AED/build/_deps/curl-src/CMake/CurlTests.c: In function ‘main’:
/home/ideapad/Desktop/AED/build/_deps/curl-src/CMake/CurlTests.c:73:19: warning: initialization discards ‘const’ qualifier from pointer target type [-Wdiscarded-qualifiers]
   73 |   char *address = "example.com";
      |                   ^~~~~~~~~~~~~
/home/ideapad/Desktop/AED/build/_deps/curl-src/CMake/CurlTests.c:95:51: warning: passing argument 5 of ‘gethostbyname_r’ from incompatible pointer type [-Wincompatible-pointer-types]
   95 |   rc = gethostbyname_r(address, &h, buffer, 8192, &h_errnop);
      |                                                   ^~~~~~~~~
      |                                                   |
      |                                                   int *
In file included from /home/ideapad/Desktop/AED/build/_deps/curl-src/CMake/CurlTests.c:70:
/usr/include/netdb.h:180:57: note: expected ‘struct hostent ** restrict’ but argument is of type ‘int *’
  180 |                             struct hostent **__restrict __result,
      |                             ~~~~~~~~~~~~~~~~~~~~~~~~~~~~^~~~~~~~
/home/ideapad/Desktop/AED/build/_deps/curl-src/CMake/CurlTests.c:95:8: error: too few arguments to function ‘gethostbyname_r’
   95 |   rc = gethostbyname_r(address, &h, buffer, 8192, &h_errnop);
      |        ^~~~~~~~~~~~~~~
In file included from /home/ideapad/Desktop/AED/build/_deps/curl-src/CMake/CurlTests.c:70:
/usr/include/netdb.h:177:12: note: declared here
  177 | extern int gethostbyname_r (const char *__restrict __name,
      |            ^~~~~~~~~~~~~~~
gmake[1]: *** [CMakeFiles/cmTC_28211.dir/build.make:78: CMakeFiles/cmTC_28211.dir/CurlTests.c.o] Error 1
gmake[1]: Leaving directory '/home/ideapad/Desktop/AED/build/CMakeFiles/CMakeTmp'
gmake: *** [Makefile:127: cmTC_28211/fast] Error 2


Performing Test HAVE_GETHOSTBYNAME_R_3_REENTRANT failed with the following output:
Change Dir: /home/ideapad/Desktop/AED/build/CMakeFiles/CMakeTmp

Run Build Command(s):/usr/bin/gmake -f Makefile cmTC_53a92/fast && /usr/bin/gmake  -f CMakeFiles/cmTC_53a92.dir/build.make CMakeFiles/cmTC_53a92.dir/build
gmake[1]: Entering directory '/home/ideapad/Desktop/AED/build/CMakeFiles/CMakeTmp'
Building C object CMakeFiles/cmTC_53a92.dir/CurlTests.c.o
/usr/bin/cc   -W -Wall -pedantic -Wbad-function-cast -Wconversion -Winline -Wmissing-declarations -Wmissing-prototypes -Wnested-externs -Wno-long-long -Wno-multichar -Wpointer-arith -Wshadow -Wsign-compare -Wundef -Wunused -Wwrite-strings -Waddress -Wattributes -Wcast-align -Wdeclaration-after-statement -Wdiv-by-zero -Wempty-body -Wendif-labels -Wfloat-equal -Wformat-security -Wignored-qualifiers -Wmissing-field-initializers -Wmissing-noreturn -Wno-format-nonliteral -Wno-system-headers -Wold-style-definition -Wredundant-decls -Wsign-conversion -Wno-error=sign-conversion -Wstrict-prototypes -Wtype-limits -Wunreachable-code -Wunused-parameter -Wvla -Wclobbered -Wmissing-parameter-type -Wold-style-declaration -Wstrict-aliasing=3 -Wtrampolines -Wformat=2 -Warray-bounds=2 -ftree-vrp -Wduplicated-cond -Wnull-dereference -fdelete-null-pointer-checks -Wshift-negative-value -Wshift-overflow=2 -Walloc-zero -Wduplicated-branches -Wformat-overflow=2 -Wformat-truncation=2 -Wimplicit-fallthrough -Wrestrict -Warith-conversion -Wdouble-promotion -Wenum-conversion -Wpragmas -Wunused-const-variable -DHAVE_GETHOSTBYNAME_R_3_REENTRANT  -DHAVE_SYS_WAIT_H -DHAVE_SYS_IOCTL_H -DHAVE_SYS_PARAM_H -DHAVE_SYS_POLL_H -DHAVE_SYS_RESOURCE_H -DHAVE_SYS_SELECT_H -DHAVE_SYS_SOCKET_H -DHAVE_SYS_STAT_H -DHAVE_SYS_TIME_H -DHAVE_SYS_TYPES_H -DHAVE_SYS_UN_H -DHAVE_SYS_XATTR_H -DHAVE_ARPA_INET_H -DHAVE_FCNTL_H -DHAVE_IFADDRS_H -DHAVE_LIBGEN_H -DHAVE_LOCALE_H -DHAVE_NET_IF_H -DHAVE_NETDB_H -DHAVE_NETINET_IN_H -DHAVE_NETINET_TCP_H -DHAVE_NETINET_UDP_H -DHAVE_POLL_H -DHAVE_PWD_H -DHAVE_STDATOMIC_H -DHAVE_STDBOOL_H -DHAVE_STRINGS_H -DHAVE_TERMIO_H -DHAVE_TERMIOS_H -DHAVE_UNISTD_H -DHAVE_UTIME_H -o CMakeFiles/cmTC_53a92.dir/CurlTests.c.o -c /home/ideapad/Desktop/AED/build/_deps/curl-src/CMake/CurlTests.c
/home/ideapad/Desktop/AED/build/_deps/curl-src/CMake/CurlTests.c: In function ‘main’:
/home/ideapad/Desktop/AED/build/_deps/curl-src/CMake/CurlTests.c:73:19: warning: initialization discards ‘const’ qualifier from pointer target type [-Wdiscarded-qualifiers]
   73 |   char *address = "example.com";
      |                   ^~~~~~~~~~~~~
/home/ideapad/Desktop/AED/build/_deps/curl-src/CMake/CurlTests.c:80:23: error: storage size of ‘hdata’ isn’t known
   80 |   struct hostent_data hdata;
      |                       ^~~~~
/home/ideapad/Desktop/AED/build/_deps/curl-src/CMake/CurlTests.c:92:8: error: too few arguments to function ‘gethostbyname_r’
   92 |   rc = gethostbyname_r(address, &h, &hdata);
      |        ^~~~~~~~~~~~~~~
In file included from /home/ideapad/Desktop/AED/build/_deps/curl-src/CMake/CurlTests.c:70:
/usr/include/netdb.h:177:12: note: declared here
  177 | extern int gethostbyname_r (const char *__restrict __name,
      |            ^~~~~~~~~~~~~~~
/home/ideapad/Desktop/AED/build/_deps/curl-src/CMake/CurlTests.c:80:23: warning: unused variable ‘hdata’ [-Wunused-variable]
   80 |   struct hostent_data hdata;
      |                       ^~~~~
gmake[1]: *** [CMakeFiles/cmTC_53a92.dir/build.make:78: CMakeFiles/cmTC_53a92.dir/CurlTests.c.o] Error 1
gmake[1]: Leaving directory '/home/ideapad/Desktop/AED/build/CMakeFiles/CMakeTmp'
gmake: *** [Makefile:127: cmTC_53a92/fast] Error 2


Performing Test HAVE_GETHOSTBYNAME_R_5_REENTRANT failed with the following output:
Change Dir: /home/ideapad/Desktop/AED/build/CMakeFiles/CMakeTmp

Run Build Command(s):/usr/bin/gmake -f Makefile cmTC_611b5/fast && /usr/bin/gmake  -f CMakeFiles/cmTC_611b5.dir/build.make CMakeFiles/cmTC_611b5.dir/build
gmake[1]: Entering directory '/home/ideapad/Desktop/AED/build/CMakeFiles/CMakeTmp'
Building C object CMakeFiles/cmTC_611b5.dir/CurlTests.c.o
/usr/bin/cc   -W -Wall -pedantic -Wbad-function-cast -Wconversion -Winline -Wmissing-declarations -Wmissing-prototypes -Wnested-externs -Wno-long-long -Wno-multichar -Wpointer-arith -Wshadow -Wsign-compare -Wundef -Wunused -Wwrite-strings -Waddress -Wattributes -Wcast-align -Wdeclaration-after-statement -Wdiv-by-zero -Wempty-body -Wendif-labels -Wfloat-equal -Wformat-security -Wignored-qualifiers -Wmissing-field-initializers -Wmissing-noreturn -Wno-format-nonliteral -Wno-system-headers -Wold-style-definition -Wredundant-decls -Wsign-conversion -Wno-error=sign-conversion -Wstrict-prototypes -Wtype-limits -Wunreachable-code -Wunused-parameter -Wvla -Wclobbered -Wmissing-parameter-type -Wold-style-declaration -Wstrict-aliasing=3 -Wtrampolines -Wformat=2 -Warray-bounds=2 -ftree-vrp -Wduplicated-cond -Wnull-dereference -fdelete-null-pointer-checks -Wshift-negative-value -Wshift-overflow=2 -Walloc-zero -Wduplicated-branches -Wformat-overflow=2 -Wformat-truncation=2 -Wimplicit-fallthrough -Wrestrict -Warith-conversion -Wdouble-promotion -Wenum-conversion -Wpragmas -Wunused-const-variable -DHAVE_GETHOSTBYNAME_R_5_REENTRANT  -DHAVE_SYS_WAIT_H -DHAVE_SYS_IOCTL_H -DHAVE_SYS_PARAM_H -DHAVE_SYS_POLL_H -DHAVE_SYS_RESOURCE_H -DHAVE_SYS_SELECT_H -DHAVE_SYS_SOCKET_H -DHAVE_SYS_STAT_H -DHAVE_SYS_TIME_H -DHAVE_SYS_TYPES_H -DHAVE_SYS_UN_H -DHAVE_SYS_XATTR_H -DHAVE_ARPA_INET_H -DHAVE_FCNTL_H -DHAVE_IFADDRS_H -DHAVE_LIBGEN_H -DHAVE_LOCALE_H -DHAVE_NET_IF_H -DHAVE_NETDB_H -DHAVE_NETINET_IN_H -DHAVE_NETINET_TCP_H -DHAVE_NETINET_UDP_H -DHAVE_POLL_H -DHAVE_PWD_H -DHAVE_STDATOMIC_H -DHAVE_STDBOOL_H -DHAVE_STRINGS_H -DHAVE_TERMIO_H -DHAVE_TERMIOS_H -DHAVE_UNISTD_H -DHAVE_UTIME_H -o CMakeFiles/cmTC_611b5.dir/CurlTests.c.o -c /home/ideapad/Desktop/AED/build/_deps/curl-src/CMake/CurlTests.c
/home/ideapad/Desktop/AED/build/_deps/curl-src/CMake/CurlTests.c: In function ‘main’:
/home/ideapad/Desktop/AED/build/_deps/curl-src/CMake/CurlTests.c:73:19: warning: initialization discards ‘const’ qualifier from pointer target type [-Wdiscarded-qualifiers]
   73 |   char *address = "example.com";
      |                   ^~~~~~~~~~~~~
/home/ideapad/Desktop/AED/build/_deps/curl-src/CMake/CurlTests.c:95:51: warning: passing argument 5 of ‘gethostbyname_r’ from incompatible pointer type [-Wincompatible-pointer-types]
   95 |   rc = gethostbyname_r(address, &h, buffer, 8192, &h_errnop);
      |                                                   ^~~~~~~~~
      |                                                   |
      |                                                   int *
In file included from /home/ideapad/Desktop/AED/build/_deps/curl-src/CMake/CurlTests.c:70:
/usr/include/netdb.h:180:57: note: expected ‘struct hostent ** restrict’ but argument is of type ‘int *’
  180 |                             struct hostent **__restrict __result,
      |                             ~~~~~~~~~~~~~~~~~~~~~~~~~~~~^~~~~~~~
/home/ideapad/Desktop/AED/build/_deps/curl-src/CMake/CurlTests.c:95:8: error: too few arguments to function ‘gethostbyname_r’
   95 |   rc = gethostbyname_r(address, &h, buffer, 8192, &h_errnop);
      |        ^~~~~~~~~~~~~~~
In file included from /home/ideapad/Desktop/AED/build/_deps/curl-src/CMake/CurlTests.c:70:
/usr/include/netdb.h:177:12: note: declared here
  177 | extern int gethostbyname_r (const char *__restrict __name,
      |            ^~~~~~~~~~~~~~~
gmake[1]: *** [CMakeFiles/cmTC_611b5.dir/build.make:78: CMakeFiles/cmTC_611b5.dir/CurlTests.c.o] Error 1
gmake[1]: Leaving directory '/home/ideapad/Desktop/AED/build/CMakeFiles/CMakeTmp'
gmake: *** [Makefile:127: cmTC_611b5/fast] Error 2


Performing Test HAVE_GLIBC_STRERROR_R failed with the following output:
Change Dir: /home/ideapad/Desktop/AED/build/CMakeFiles/CMakeTmp

Run Build Command(s):/usr/bin/gmake -f Makefile cmTC_0533f/fast && /usr/bin/gmake  -f CMakeFiles/cmTC_0533f.dir/build.make CMakeFiles/cmTC_0533f.dir/build
gmake[1]: Entering directory '/home/ideapad/Desktop/AED/build/CMakeFiles/CMakeTmp'
Building C object CMakeFiles/cmTC_0533f.dir/CurlTests.c.o
/usr/bin/cc   -W -Wall -pedantic -Wbad-function-cast -Wconversion -Winline -Wmissing-declarations -Wmissing-prototypes -Wnested-externs -Wno-long-long -Wno-multichar -Wpointer-arith -Wshadow -Wsign-compare -Wundef -Wunused -Wwrite-strings -Waddress -Wattributes -Wcast-align -Wdeclaration-after-statement -Wdiv-by-zero -Wempty-body -Wendif-labels -Wfloat-equal -Wformat-security -Wignored-qualifiers -Wmissing-field-initializers -Wmissing-noreturn -Wno-format-nonliteral -Wno-system-headers -Wold-style-definition -Wredundant-decls -Wsign-conversion -Wno-error=sign-conversion -Wstrict-prototypes -Wtype-limits -Wunreachable-code -Wunused-parameter -Wvla -Wclobbered -Wmissing-parameter-type -Wold-style-declaration -Wstrict-aliasing=3 -Wtrampolines -Wformat=2 -Warray-bounds=2 -ftree-vrp -Wduplicated-cond -Wnull-dereference -fdelete-null-pointer-checks -Wshift-negative-value -Wshift-overflow=2 -Walloc-zero -Wduplicated-branches -Wformat-overflow=2 -Wformat-truncation=2 -Wimplicit-fallthrough -Wrestrict -Warith-conversion -Wdouble-promotion -Wenum-conversion -Wpragmas -Wunused-const-variable -DHAVE_GLIBC_STRERROR_R  -DHAVE_SYS_WAIT_H -DHAVE_SYS_IOCTL_H -DHAVE_SYS_PARAM_H -DHAVE_SYS_POLL_H -DHAVE_SYS_RESOURCE_H -DHAVE_SYS_SELECT_H -DHAVE_SYS_SOCKET_H -DHAVE_SYS_STAT_H -DHAVE_SYS_TIME_H -DHAVE_SYS_TYPES_H -DHAVE_SYS_UN_H -DHAVE_SYS_XATTR_H -DHAVE_ARPA_INET_H -DHAVE_FCNTL_H -DHAVE_IFADDRS_H -DHAVE_LIBGEN_H -DHAVE_LOCALE_H -DHAVE_NET_IF_H -DHAVE_NETDB_H -DHAVE_NETINET_IN_H -DHAVE_NETINET_TCP_H -DHAVE_NETINET_UDP_H -DHAVE_POLL_H -DHAVE_PWD_H -DHAVE_STDATOMIC_H -DHAVE_STDBOOL_H -DHAVE_STRINGS_H -DHAVE_TERMIO_H -DHAVE_TERMIOS_H -DHAVE_UNISTD_H -DHAVE_UTIME_H -o CMakeFiles/cmTC_0533f.dir/CurlTests.c.o -c /home/ideapad/Desktop/AED/build/_deps/curl-src/CMake/CurlTests.c
/home/ideapad/Desktop/AED/build/_deps/curl-src/CMake/CurlTests.c:325:6: warning: no previous prototype for ‘check’ [-Wmissing-prototypes]
  325 | void check(char c) {}
      |      ^~~~~
/home/ideapad/Desktop/AED/build/_deps/curl-src/CMake/CurlTests.c: In function ‘check’:
/home/ideapad/Desktop/AED/build/_deps/curl-src/CMake/CurlTests.c:325:17: warning: unused parameter ‘c’ [-Wunused-parameter]
  325 | void check(char c) {}
      |            ~~~~~^
/home/ideapad/Desktop/AED/build/_deps/curl-src/CMake/CurlTests.c: In function ‘main’:
/home/ideapad/Desktop/AED/build/_deps/curl-src/CMake/CurlTests.c:331:51: error: subscripted value is neither array nor pointer nor vector
  331 |   check(strerror_r(EACCES, buffer, sizeof(buffer))[0]);
      |                                                   ^
gmake[1]: *** [CMakeFiles/cmTC_0533f.dir/build.make:78: CMakeFiles/cmTC_0533f.dir/CurlTests.c.o] Error 1
gmake[1]: Leaving directory '/home/ideapad/Desktop/AED/build/CMakeFiles/CMakeTmp'
gmake: *** [Makefile:127: cmTC_0533f/fast] Error 2


Performing Test HAVE_BUILTIN_AVAILABLE failed with the following output:
Change Dir: /home/ideapad/Desktop/AED/build/CMakeFiles/CMakeTmp

Run Build Command(s):/usr/bin/gmake -f Makefile cmTC_fece9/fast && /usr/bin/gmake  -f CMakeFiles/cmTC_fece9.dir/build.make CMakeFiles/cmTC_fece9.dir/build
gmake[1]: Entering directory '/home/ideapad/Desktop/AED/build/CMakeFiles/CMakeTmp'
Building C object CMakeFiles/cmTC_fece9.dir/CurlTests.c.o
/usr/bin/cc   -W -Wall -pedantic -Wbad-function-cast -Wconversion -Winline -Wmissing-declarations -Wmissing-prototypes -Wnested-externs -Wno-long-long -Wno-multichar -Wpointer-arith -Wshadow -Wsign-compare -Wundef -Wunused -Wwrite-strings -Waddress -Wattributes -Wcast-align -Wdeclaration-after-statement -Wdiv-by-zero -Wempty-body -Wendif-labels -Wfloat-equal -Wformat-security -Wignored-qualifiers -Wmissing-field-initializers -Wmissing-noreturn -Wno-format-nonliteral -Wno-system-headers -Wold-style-definition -Wredundant-decls -Wsign-conversion -Wno-error=sign-conversion -Wstrict-prototypes -Wtype-limits -Wunreachable-code -Wunused-parameter -Wvla -Wclobbered -Wmissing-parameter-type -Wold-style-declaration -Wstrict-aliasing=3 -Wtrampolines -Wformat=2 -Warray-bounds=2 -ftree-vrp -Wduplicated-cond -Wnull-dereference -fdelete-null-pointer-checks -Wshift-negative-value -Wshift-overflow=2 -Walloc-zero -Wduplicated-branches -Wformat-overflow=2 -Wformat-truncation=2 -Wimplicit-fallthrough -Wrestrict -Warith-conversion -Wdouble-promotion -Wenum-conversion -Wpragmas -Wunused-const-variable -DHAVE_BUILTIN_AVAILABLE  -DHAVE_SYS_WAIT_H -DHAVE_SYS_IOCTL_H -DHAVE_SYS_PARAM_H -DHAVE_SYS_POLL_H -DHAVE_SYS_RESOURCE_H -DHAVE_SYS_SELECT_H -DHAVE_SYS_SOCKET_H -DHAVE_SYS_STAT_H -DHAVE_SYS_TIME_H -DHAVE_SYS_TYPES_H -DHAVE_SYS_UN_H -DHAVE_SYS_XATTR_H -DHAVE_ARPA_INET_H -DHAVE_FCNTL_H -DHAVE_IFADDRS_H -DHAVE_LIBGEN_H -DHAVE_LOCALE_H -DHAVE_NET_IF_H -DHAVE_NETDB_H -DHAVE_NETINET_IN_H -DHAVE_NETINET_TCP_H -DHAVE_NETINET_UDP_H -DHAVE_POLL_H -DHAVE_PWD_H -DHAVE_STDATOMIC_H -DHAVE_STDBOOL_H -DHAVE_STRINGS_H -DHAVE_TERMIO_H -DHAVE_TERMIOS_H -DHAVE_UNISTD_H -DHAVE_UTIME_H -o CMakeFiles/cmTC_fece9.dir/CurlTests.c.o -c /home/ideapad/Desktop/AED/build/_deps/curl-src/CMake/CurlTests.c
/home/ideapad/Desktop/AED/build/_deps/curl-src/CMake/CurlTests.c: In function ‘main’:
/home/ideapad/Desktop/AED/build/_deps/curl-src/CMake/CurlTests.c:383:6: warning: implicit declaration of function ‘__builtin_available’; did you mean ‘__builtin_scalbl’? [-Wimplicit-function-declaration]
  383 |   if(__builtin_available(macOS 10.12, *)) {}
      |      ^~~~~~~~~~~~~~~~~~~
      |      __builtin_scalbl
/home/ideapad/Desktop/AED/build/_deps/curl-src/CMake/CurlTests.c:383:6: warning: nested extern declaration of ‘__builtin_available’ [-Wnested-externs]
/home/ideapad/Desktop/AED/build/_deps/curl-src/CMake/CurlTests.c:383:26: error: ‘macOS’ undeclared (first use in this function)
  383 |   if(__builtin_available(macOS 10.12, *)) {}
      |                          ^~~~~
/home/ideapad/Desktop/AED/build/_deps/curl-src/CMake/CurlTests.c:383:26: note: each undeclared identifier is reported only once for each function it appears in
/home/ideapad/Desktop/AED/build/_deps/curl-src/CMake/CurlTests.c:383:31: error: expected ‘)’ before numeric constant
  383 |   if(__builtin_available(macOS 10.12, *)) {}
      |                         ~     ^~~~~~
      |                               )
gmake[1]: *** [CMakeFiles/cmTC_fece9.dir/build.make:78: CMakeFiles/cmTC_fece9.dir/CurlTests.c.o] Error 1
gmake[1]: Leaving directory '/home/ideapad/Desktop/AED/build/CMakeFiles/CMakeTmp'
gmake: *** [Makefile:127: cmTC_fece9/fast] Error 2


Determining if the function class exists failed with the following output:
Change Dir: /home/ideapad/Desktop/AED/build/CMakeFiles/CMakeTmp

Run Build Command(s):/usr/bin/gmake -f Makefile cmTC_0008c/fast && /usr/bin/gmake  -f CMakeFiles/cmTC_0008c.dir/build.make CMakeFiles/cmTC_0008c.dir/build
gmake[1]: Entering directory '/home/ideapad/Desktop/AED/build/CMakeFiles/CMakeTmp'
Building C object CMakeFiles/cmTC_0008c.dir/CheckFunctionExists.c.o
/usr/bin/cc   -DCHECK_FUNCTION_EXISTS=class -o CMakeFiles/cmTC_0008c.dir/CheckFunctionExists.c.o -c /usr/share/cmake-3.22/Modules/CheckFunctionExists.c
Linking C executable cmTC_0008c
/usr/bin/cmake -E cmake_link_script CMakeFiles/cmTC_0008c.dir/link.txt --verbose=1
/usr/bin/cc  -DCHECK_FUNCTION_EXISTS=class CMakeFiles/cmTC_0008c.dir/CheckFunctionExists.c.o -o cmTC_0008c 
/usr/bin/ld: CMakeFiles/cmTC_0008c.dir/CheckFunctionExists.c.o: in function `main':
CheckFunctionExists.c:(.text+0x14): undefined reference to `class'
collect2: error: ld returned 1 exit status
gmake[1]: *** [CMakeFiles/cmTC_0008c.dir/build.make:99: cmTC_0008c] Error 1
gmake[1]: Leaving directory '/home/ideapad/Desktop/AED/build/CMakeFiles/CMakeTmp'
gmake: *** [Makefile:127: cmTC_0008c/fast] Error 2



Determining if files dl.h exist failed with the following output:
Change Dir: /home/ideapad/Desktop/AED/build/CMakeFiles/CMakeTmp

Run Build Command(s):/usr/bin/gmake -f Makefile cmTC_da7b5/fast && /usr/bin/gmake  -f CMakeFiles/cmTC_da7b5.dir/build.make CMakeFiles/cmTC_da7b5.dir/build
gmake[1]: Entering directory '/home/ideapad/Desktop/AED/build/CMakeFiles/CMakeTmp'
Building C object CMakeFiles/cmTC_da7b5.dir/HAVE_DL_H.c.o
/usr/bin/cc    -o CMakeFiles/cmTC_da7b5.dir/HAVE_DL_H.c.o -c /home/ideapad/Desktop/AED/build/CMakeFiles/CheckIncludeFiles/HAVE_DL_H.c
/home/ideapad/Desktop/AED/build/CMakeFiles/CheckIncludeFiles/HAVE_DL_H.c:2:10: fatal error: dl.h: No such file or directory
    2 | #include <dl.h>
      |          ^~~~~~
compilation terminated.
gmake[1]: *** [CMakeFiles/cmTC_da7b5.dir/build.make:78: CMakeFiles/cmTC_da7b5.dir/HAVE_DL_H.c.o] Error 1
gmake[1]: Leaving directory '/home/ideapad/Desktop/AED/build/CMakeFiles/CMakeTmp'
gmake: *** [Makefile:127: cmTC_da7b5/fast] Error 2


Source:
/* */
#include <dl.h>


int main(void){return 0;}

Determining if the function append_history exists in the history failed with the following output:
Change Dir: /home/ideapad/Desktop/AED/build/CMakeFiles/CMakeTmp

Run Build Command(s):/usr/bin/gmake -f Makefile cmTC_d8ccb/fast && /usr/bin/gmake  -f CMakeFiles/cmTC_d8ccb.dir/build.make CMakeFiles/cmTC_d8ccb.dir/build
gmake[1]: Entering directory '/home/ideapad/Desktop/AED/build/CMakeFiles/CMakeTmp'
Building C object CMakeFiles/cmTC_d8ccb.dir/CheckFunctionExists.c.o
/usr/bin/cc   -DCHECK_FUNCTION_EXISTS=append_history -o CMakeFiles/cmTC_d8ccb.dir/CheckFunctionExists.c.o -c /usr/share/cmake-3.22/Modules/CheckFunctionExists.c
Linking C executable cmTC_d8ccb
/usr/bin/cmake -E cmake_link_script CMakeFiles/cmTC_d8ccb.dir/link.txt --verbose=1
/usr/bin/cc  -DCHECK_FUNCTION_EXISTS=append_history CMakeFiles/cmTC_d8ccb.dir/CheckFunctionExists.c.o -o cmTC_d8ccb  -lhistory 
/usr/bin/ld: cannot find -lhistory: No such file or directory
collect2: error: ld returned 1 exit status
gmake[1]: *** [CMakeFiles/cmTC_d8ccb.dir/build.make:99: cmTC_d8ccb] Error 1
gmake[1]: Leaving directory '/home/ideapad/Desktop/AED/build/CMakeFiles/CMakeTmp'
gmake: *** [Makefile:127: cmTC_d8ccb/fast] Error 2



Determining if the function readline exists in the readline failed with the following output:
Change Dir: /home/ideapad/Desktop/AED/build/CMakeFiles/CMakeTmp

Run Build Command(s):/usr/bin/gmake -f Makefile cmTC_5e2e0/fast && /usr/bin/gmake  -f CMakeFiles/cmTC_5e2e0.dir/build.make CMakeFiles/cmTC_5e2e0.dir/build
gmake[1]: Entering directory '/home/ideapad/Desktop/AED/build/CMakeFiles/CMakeTmp'
Building C object CMakeFiles/cmTC_5e2e0.dir/CheckFunctionExists.c.o
/usr/bin/cc   -DCHECK_FUNCTION_EXISTS=readline -o CMakeFiles/cmTC_5e2e0.dir/CheckFunctionExists.c.o -c /usr/share/cmake-3.22/Modules/CheckFunctionExists.c
Linking C executable cmTC_5e2e0
/usr/bin/cmake -E cmake_link_script CMakeFiles/cmTC_5e2e0.dir/link.txt --verbose=1
/usr/bin/cc  -DCHECK_FUNCTION_EXISTS=readline CMakeFiles/cmTC_5e2e0.dir/CheckFunctionExists.c.o -o cmTC_5e2e0  -lreadline 
/usr/bin/ld: cannot find -lreadline: No such file or directory
collect2: error: ld returned 1 exit status
gmake[1]: *** [CMakeFiles/cmTC_5e2e0.dir/build.make:99: cmTC_5e2e0] Error 1
gmake[1]: Leaving directory '/home/ideapad/Desktop/AED/build/CMakeFiles/CMakeTmp'
gmake: *** [Makefile:127: cmTC_5e2e0/fast] Error 2



Determining if the function shl_load exists in the dld failed with the following output:
Change Dir: /home/ideapad/Desktop/AED/build/CMakeFiles/CMakeTmp

Run Build Command(s):/usr/bin/gmake -f Makefile cmTC_db2fd/fast && /usr/bin/gmake  -f CMakeFiles/cmTC_db2fd.dir/build.make CMakeFiles/cmTC_db2fd.dir/build
gmake[1]: Entering directory '/home/ideapad/Desktop/AED/build/CMakeFiles/CMakeTmp'
Building C object CMakeFiles/cmTC_db2fd.dir/CheckFunctionExists.c.o
/usr/bin/cc   -DCHECK_FUNCTION_EXISTS=shl_load -o CMakeFiles/cmTC_db2fd.dir/CheckFunctionExists.c.o -c /usr/share/cmake-3.22/Modules/CheckFunctionExists.c
Linking C executable cmTC_db2fd
/usr/bin/cmake -E cmake_link_script CMakeFiles/cmTC_db2fd.dir/link.txt --verbose=1
/usr/bin/cc  -DCHECK_FUNCTION_EXISTS=shl_load CMakeFiles/cmTC_db2fd.dir/CheckFunctionExists.c.o -o cmTC_db2fd  -ldld 
/usr/bin/ld: cannot find -ldld: No such file or directory
collect2: error: ld returned 1 exit status
gmake[1]: *** [CMakeFiles/cmTC_db2fd.dir/build.make:99: cmTC_db2fd] Error 1
gmake[1]: Leaving directory '/home/ideapad/Desktop/AED/build/CMakeFiles/CMakeTmp'
gmake: *** [Makefile:127: cmTC_db2fd/fast] Error 2



